CRITICAL - 2022-02-16 02:58:18 --> Unable to load template 'file:view.tpl'
#0 C:\wamp64\www\ardis\app\ThirdParty\smarty\sysplugins\smarty_internal_templatebase.php(238): Smarty_Internal_Template->render(false, 1)
#1 C:\wamp64\www\ardis\app\ThirdParty\smarty\sysplugins\smarty_internal_templatebase.php(134): Smarty_Internal_TemplateBase->_execute(Object(Smarty_Internal_Template), NULL, NULL, NULL, 1)
#2 C:\wamp64\www\ardis\app\Controllers\Pages.php(28): Smarty_Internal_TemplateBase->display('view.tpl')
#3 C:\wamp64\www\ardis\system\CodeIgniter.php(825): App\Controllers\Pages->view('view', 'create_account')
#4 C:\wamp64\www\ardis\system\CodeIgniter.php(412): CodeIgniter\CodeIgniter->runController(Object(App\Controllers\Pages))
#5 C:\wamp64\www\ardis\system\CodeIgniter.php(320): CodeIgniter\CodeIgniter->handleRequest(NULL, Object(Config\Cache), false)
#6 C:\wamp64\www\ardis\public\index.php(37): CodeIgniter\CodeIgniter->run()
#7 {main}
ERROR - 2022-02-16 04:43:25 --> Duplicate entry '0' for key 'compte.PRIMARY'
CRITICAL - 2022-02-16 04:43:25 --> Duplicate entry '0' for key 'compte.PRIMARY'
#0 /var/www/html/ardis/system/Database/MySQLi/Connection.php(292): mysqli->query()
#1 /var/www/html/ardis/system/Database/BaseConnection.php(670): CodeIgniter\Database\MySQLi\Connection->execute()
#2 /var/www/html/ardis/system/Database/BaseConnection.php(598): CodeIgniter\Database\BaseConnection->simpleQuery()
#3 /var/www/html/ardis/system/Database/BaseBuilder.php(1771): CodeIgniter\Database\BaseConnection->query()
#4 /var/www/html/ardis/app/Models/UsersModel.php(40): CodeIgniter\Database\BaseBuilder->insert()
#5 /var/www/html/ardis/app/Controllers/UsersController.php(67): App\Models\UsersModel->appendUser()
#6 /var/www/html/ardis/app/Controllers/Visiteur.php(33): App\Controllers\UsersController->verificate_create_account()
#7 /var/www/html/ardis/system/CodeIgniter.php(825): App\Controllers\Visiteur->create_account()
#8 /var/www/html/ardis/system/CodeIgniter.php(412): CodeIgniter\CodeIgniter->runController()
#9 /var/www/html/ardis/system/CodeIgniter.php(320): CodeIgniter\CodeIgniter->handleRequest()
#10 /var/www/html/ardis/public/index.php(37): CodeIgniter\CodeIgniter->run()
#11 {main}
ERROR - 2022-02-16 04:45:05 --> Duplicate entry '0' for key 'compte.PRIMARY'
CRITICAL - 2022-02-16 04:45:05 --> Duplicate entry '0' for key 'compte.PRIMARY'
#0 /var/www/html/ardis/system/Database/MySQLi/Connection.php(292): mysqli->query()
#1 /var/www/html/ardis/system/Database/BaseConnection.php(670): CodeIgniter\Database\MySQLi\Connection->execute()
#2 /var/www/html/ardis/system/Database/BaseConnection.php(598): CodeIgniter\Database\BaseConnection->simpleQuery()
#3 /var/www/html/ardis/system/Database/BaseBuilder.php(1771): CodeIgniter\Database\BaseConnection->query()
#4 /var/www/html/ardis/app/Models/UsersModel.php(40): CodeIgniter\Database\BaseBuilder->insert()
#5 /var/www/html/ardis/app/Controllers/UsersController.php(67): App\Models\UsersModel->appendUser()
#6 /var/www/html/ardis/app/Controllers/Visiteur.php(33): App\Controllers\UsersController->verificate_create_account()
#7 /var/www/html/ardis/system/CodeIgniter.php(825): App\Controllers\Visiteur->create_account()
#8 /var/www/html/ardis/system/CodeIgniter.php(412): CodeIgniter\CodeIgniter->runController()
#9 /var/www/html/ardis/system/CodeIgniter.php(320): CodeIgniter\CodeIgniter->handleRequest()
#10 /var/www/html/ardis/public/index.php(37): CodeIgniter\CodeIgniter->run()
#11 {main}
