CRITICAL - 2022-03-04 02:18:04 --> mysqli::query(): Empty query
#0 [internal function]: CodeIgniter\Debug\Exceptions->errorHandler()
#1 /var/www/html/ardis/system/Database/MySQLi/Connection.php(292): mysqli->query()
#2 /var/www/html/ardis/system/Database/BaseConnection.php(670): CodeIgniter\Database\MySQLi\Connection->execute()
#3 /var/www/html/ardis/system/Database/BaseConnection.php(598): CodeIgniter\Database\BaseConnection->simpleQuery()
#4 /var/www/html/ardis/app/Models/UsersModel.php(113): CodeIgniter\Database\BaseConnection->query()
#5 /var/www/html/ardis/app/Models/UserManager.php(104): App\Models\UsersModel->getNbLit()
#6 /var/www/html/ardis/app/Controllers/Reservation.php(37): App\Models\UserManager->verifReservation()
#7 /var/www/html/ardis/system/CodeIgniter.php(825): App\Controllers\Reservation->validation()
#8 /var/www/html/ardis/system/CodeIgniter.php(412): CodeIgniter\CodeIgniter->runController()
#9 /var/www/html/ardis/system/CodeIgniter.php(320): CodeIgniter\CodeIgniter->handleRequest()
#10 /var/www/html/ardis/public/index.php(37): CodeIgniter\CodeIgniter->run()
#11 {main}
CRITICAL - 2022-03-04 04:45:26 --> Undefined variable: thi
#0 /var/www/html/ardis/app/Controllers/Reservation.php(38): CodeIgniter\Debug\Exceptions->errorHandler()
#1 /var/www/html/ardis/system/CodeIgniter.php(825): App\Controllers\Reservation->validation()
#2 /var/www/html/ardis/system/CodeIgniter.php(412): CodeIgniter\CodeIgniter->runController()
#3 /var/www/html/ardis/system/CodeIgniter.php(320): CodeIgniter\CodeIgniter->handleRequest()
#4 /var/www/html/ardis/public/index.php(37): CodeIgniter\CodeIgniter->run()
#5 {main}
CRITICAL - 2022-03-04 04:45:39 --> Undefined variable: data
#0 /var/www/html/ardis/app/Models/HuntError.php(178): CodeIgniter\Debug\Exceptions->errorHandler()
#1 /var/www/html/ardis/app/Models/ReservationManager.php(19): App\Models\HuntError->huntReservation()
#2 /var/www/html/ardis/app/Controllers/Reservation.php(38): App\Models\ReservationManager->validateReservation()
#3 /var/www/html/ardis/system/CodeIgniter.php(825): App\Controllers\Reservation->validation()
#4 /var/www/html/ardis/system/CodeIgniter.php(412): CodeIgniter\CodeIgniter->runController()
#5 /var/www/html/ardis/system/CodeIgniter.php(320): CodeIgniter\CodeIgniter->handleRequest()
#6 /var/www/html/ardis/public/index.php(37): CodeIgniter\CodeIgniter->run()
#7 {main}
CRITICAL - 2022-03-04 04:46:09 --> Undefined index: nb_lit
#0 /var/www/html/ardis/app/Models/HuntError.php(182): CodeIgniter\Debug\Exceptions->errorHandler()
#1 /var/www/html/ardis/app/Models/ReservationManager.php(19): App\Models\HuntError->huntReservation()
#2 /var/www/html/ardis/app/Controllers/Reservation.php(38): App\Models\ReservationManager->validateReservation()
#3 /var/www/html/ardis/system/CodeIgniter.php(825): App\Controllers\Reservation->validation()
#4 /var/www/html/ardis/system/CodeIgniter.php(412): CodeIgniter\CodeIgniter->runController()
#5 /var/www/html/ardis/system/CodeIgniter.php(320): CodeIgniter\CodeIgniter->handleRequest()
#6 /var/www/html/ardis/public/index.php(37): CodeIgniter\CodeIgniter->run()
#7 {main}
CRITICAL - 2022-03-04 04:46:27 --> Call to undefined method App\Models\UsersModel::getAllData
#0 /var/www/html/ardis/app/Models/ReservationManager.php(22): CodeIgniter\Model->__call()
#1 /var/www/html/ardis/app/Controllers/Reservation.php(38): App\Models\ReservationManager->validateReservation()
#2 /var/www/html/ardis/system/CodeIgniter.php(825): App\Controllers\Reservation->validation()
#3 /var/www/html/ardis/system/CodeIgniter.php(412): CodeIgniter\CodeIgniter->runController()
#4 /var/www/html/ardis/system/CodeIgniter.php(320): CodeIgniter\CodeIgniter->handleRequest()
#5 /var/www/html/ardis/public/index.php(37): CodeIgniter\CodeIgniter->run()
#6 {main}
CRITICAL - 2022-03-04 04:56:46 --> Undefined index: chamb_num
#0 /var/www/html/ardis/app/Models/ReservationManager.php(25): CodeIgniter\Debug\Exceptions->errorHandler()
#1 /var/www/html/ardis/app/Controllers/Reservation.php(38): App\Models\ReservationManager->validateReservation()
#2 /var/www/html/ardis/system/CodeIgniter.php(825): App\Controllers\Reservation->validation()
#3 /var/www/html/ardis/system/CodeIgniter.php(412): CodeIgniter\CodeIgniter->runController()
#4 /var/www/html/ardis/system/CodeIgniter.php(320): CodeIgniter\CodeIgniter->handleRequest()
#5 /var/www/html/ardis/public/index.php(37): CodeIgniter\CodeIgniter->run()
#6 {main}
CRITICAL - 2022-03-04 04:57:33 --> Cannot use object of type stdClass as array
#0 /var/www/html/ardis/app/Controllers/Reservation.php(38): App\Models\ReservationManager->validateReservation()
#1 /var/www/html/ardis/system/CodeIgniter.php(825): App\Controllers\Reservation->validation()
#2 /var/www/html/ardis/system/CodeIgniter.php(412): CodeIgniter\CodeIgniter->runController()
#3 /var/www/html/ardis/system/CodeIgniter.php(320): CodeIgniter\CodeIgniter->handleRequest()
#4 /var/www/html/ardis/public/index.php(37): CodeIgniter\CodeIgniter->run()
#5 {main}
CRITICAL - 2022-03-04 04:57:53 --> Cannot use object of type stdClass as array
#0 /var/www/html/ardis/app/Controllers/Reservation.php(38): App\Models\ReservationManager->validateReservation()
#1 /var/www/html/ardis/system/CodeIgniter.php(825): App\Controllers\Reservation->validation()
#2 /var/www/html/ardis/system/CodeIgniter.php(412): CodeIgniter\CodeIgniter->runController()
#3 /var/www/html/ardis/system/CodeIgniter.php(320): CodeIgniter\CodeIgniter->handleRequest()
#4 /var/www/html/ardis/public/index.php(37): CodeIgniter\CodeIgniter->run()
#5 {main}
CRITICAL - 2022-03-04 04:58:14 --> Too few arguments to function App\Models\ReservationModel::setReservation(), 6 passed in /var/www/html/ardis/app/Models/ReservationManager.php on line 25 and exactly 7 expected
#0 /var/www/html/ardis/app/Models/ReservationManager.php(25): App\Models\ReservationModel->setReservation()
#1 /var/www/html/ardis/app/Controllers/Reservation.php(38): App\Models\ReservationManager->validateReservation()
#2 /var/www/html/ardis/system/CodeIgniter.php(825): App\Controllers\Reservation->validation()
#3 /var/www/html/ardis/system/CodeIgniter.php(412): CodeIgniter\CodeIgniter->runController()
#4 /var/www/html/ardis/system/CodeIgniter.php(320): CodeIgniter\CodeIgniter->handleRequest()
#5 /var/www/html/ardis/public/index.php(37): CodeIgniter\CodeIgniter->run()
#6 {main}
ERROR - 2022-03-04 05:56:37 --> You have an error in your SQL syntax; check the manual that corresponds to your MySQL server version for the right syntax to use near 'TABLE  reservations (reserv_datedeb,reserv_datefin, client_id,chamb_
           ' at line 1
CRITICAL - 2022-03-04 05:56:37 --> You have an error in your SQL syntax; check the manual that corresponds to your MySQL server version for the right syntax to use near 'TABLE  reservations (reserv_datedeb,reserv_datefin, client_id,chamb_
           ' at line 1
#0 /var/www/html/ardis/system/Database/MySQLi/Connection.php(292): mysqli->query()
#1 /var/www/html/ardis/system/Database/BaseConnection.php(670): CodeIgniter\Database\MySQLi\Connection->execute()
#2 /var/www/html/ardis/system/Database/BaseConnection.php(598): CodeIgniter\Database\BaseConnection->simpleQuery()
#3 /var/www/html/ardis/app/Models/ReservationModel.php(27): CodeIgniter\Database\BaseConnection->query()
#4 /var/www/html/ardis/app/Models/ReservationManager.php(25): App\Models\ReservationModel->setReservation()
#5 /var/www/html/ardis/app/Controllers/Reservation.php(38): App\Models\ReservationManager->validateReservation()
#6 /var/www/html/ardis/system/CodeIgniter.php(825): App\Controllers\Reservation->validation()
#7 /var/www/html/ardis/system/CodeIgniter.php(412): CodeIgniter\CodeIgniter->runController()
#8 /var/www/html/ardis/system/CodeIgniter.php(320): CodeIgniter\CodeIgniter->handleRequest()
#9 /var/www/html/ardis/public/index.php(37): CodeIgniter\CodeIgniter->run()
#10 {main}
ERROR - 2022-03-04 05:57:40 --> You have an error in your SQL syntax; check the manual that corresponds to your MySQL server version for the right syntax to use near 'reserv,chamb_id,hotel_id,activ_id)
                            VALUES ('2022-03-' at line 2
CRITICAL - 2022-03-04 05:57:40 --> You have an error in your SQL syntax; check the manual that corresponds to your MySQL server version for the right syntax to use near 'reserv,chamb_id,hotel_id,activ_id)
                            VALUES ('2022-03-' at line 2
#0 /var/www/html/ardis/system/Database/MySQLi/Connection.php(292): mysqli->query()
#1 /var/www/html/ardis/system/Database/BaseConnection.php(670): CodeIgniter\Database\MySQLi\Connection->execute()
#2 /var/www/html/ardis/system/Database/BaseConnection.php(598): CodeIgniter\Database\BaseConnection->simpleQuery()
#3 /var/www/html/ardis/app/Models/ReservationModel.php(27): CodeIgniter\Database\BaseConnection->query()
#4 /var/www/html/ardis/app/Models/ReservationManager.php(25): App\Models\ReservationModel->setReservation()
#5 /var/www/html/ardis/app/Controllers/Reservation.php(38): App\Models\ReservationManager->validateReservation()
#6 /var/www/html/ardis/system/CodeIgniter.php(825): App\Controllers\Reservation->validation()
#7 /var/www/html/ardis/system/CodeIgniter.php(412): CodeIgniter\CodeIgniter->runController()
#8 /var/www/html/ardis/system/CodeIgniter.php(320): CodeIgniter\CodeIgniter->handleRequest()
#9 /var/www/html/ardis/public/index.php(37): CodeIgniter\CodeIgniter->run()
#10 {main}
CRITICAL - 2022-03-04 07:11:58 --> Argument 2 passed to App\Models\ReservationManager::validateReservation() must be of the type string, null given, called in /var/www/html/ardis/app/Controllers/Reservation.php on line 38
#0 /var/www/html/ardis/app/Controllers/Reservation.php(38): App\Models\ReservationManager->validateReservation()
#1 /var/www/html/ardis/system/CodeIgniter.php(825): App\Controllers\Reservation->validation()
#2 /var/www/html/ardis/system/CodeIgniter.php(412): CodeIgniter\CodeIgniter->runController()
#3 /var/www/html/ardis/system/CodeIgniter.php(320): CodeIgniter\CodeIgniter->handleRequest()
#4 /var/www/html/ardis/public/index.php(37): CodeIgniter\CodeIgniter->run()
#5 {main}
CRITICAL - 2022-03-04 07:18:39 --> syntax error, unexpected '}', expecting ';'
#0 /var/www/html/ardis/system/Autoloader/Autoloader.php(241): CodeIgniter\Autoloader\Autoloader->includeFile()
#1 /var/www/html/ardis/system/Autoloader/Autoloader.php(219): CodeIgniter\Autoloader\Autoloader->loadInNamespace()
#2 [internal function]: CodeIgniter\Autoloader\Autoloader->loadClass()
#3 /var/www/html/ardis/app/Controllers/Reservation.php(24): spl_autoload_call()
#4 /var/www/html/ardis/system/CodeIgniter.php(802): App\Controllers\Reservation->__construct()
#5 /var/www/html/ardis/system/CodeIgniter.php(403): CodeIgniter\CodeIgniter->createController()
#6 /var/www/html/ardis/system/CodeIgniter.php(320): CodeIgniter\CodeIgniter->handleRequest()
#7 /var/www/html/ardis/public/index.php(37): CodeIgniter\CodeIgniter->run()
#8 {main}
CRITICAL - 2022-03-04 07:19:18 --> Argument 1 passed to App\Models\ReservationManager::validateReservation() must be of the type array, object given, called in /var/www/html/ardis/app/Controllers/Reservation.php on line 38
#0 /var/www/html/ardis/app/Controllers/Reservation.php(38): App\Models\ReservationManager->validateReservation()
#1 /var/www/html/ardis/system/CodeIgniter.php(825): App\Controllers\Reservation->validation()
#2 /var/www/html/ardis/system/CodeIgniter.php(412): CodeIgniter\CodeIgniter->runController()
#3 /var/www/html/ardis/system/CodeIgniter.php(320): CodeIgniter\CodeIgniter->handleRequest()
#4 /var/www/html/ardis/public/index.php(37): CodeIgniter\CodeIgniter->run()
#5 {main}
CRITICAL - 2022-03-04 07:20:00 --> Argument 2 passed to App\Models\ReservationManager::validateReservation() must be of the type string, null given, called in /var/www/html/ardis/app/Controllers/Reservation.php on line 39
#0 /var/www/html/ardis/app/Controllers/Reservation.php(39): App\Models\ReservationManager->validateReservation()
#1 /var/www/html/ardis/system/CodeIgniter.php(825): App\Controllers\Reservation->validation()
#2 /var/www/html/ardis/system/CodeIgniter.php(412): CodeIgniter\CodeIgniter->runController()
#3 /var/www/html/ardis/system/CodeIgniter.php(320): CodeIgniter\CodeIgniter->handleRequest()
#4 /var/www/html/ardis/public/index.php(37): CodeIgniter\CodeIgniter->run()
#5 {main}
CRITICAL - 2022-03-04 07:23:49 --> Argument 1 passed to App\Models\UsersModel::getIdByPseudo() must be of the type string, null given, called in /var/www/html/ardis/app/Models/ReservationManager.php on line 22
#0 /var/www/html/ardis/app/Models/ReservationManager.php(22): App\Models\UsersModel->getIdByPseudo()
#1 /var/www/html/ardis/app/Controllers/Reservation.php(39): App\Models\ReservationManager->validateReservation()
#2 /var/www/html/ardis/system/CodeIgniter.php(825): App\Controllers\Reservation->validation()
#3 /var/www/html/ardis/system/CodeIgniter.php(412): CodeIgniter\CodeIgniter->runController()
#4 /var/www/html/ardis/system/CodeIgniter.php(320): CodeIgniter\CodeIgniter->handleRequest()
#5 /var/www/html/ardis/public/index.php(37): CodeIgniter\CodeIgniter->run()
#6 {main}
CRITICAL - 2022-03-04 07:24:11 --> Syntax error in template "file:/var/www/html/ardis/app/Views/reservation_validation.tpl"  on line 93 "{/block}" unclosed '{if}' tag
#0 /var/www/html/ardis/app/ThirdParty/smarty/sysplugins/smarty_internal_compilebase.php(196): Smarty_Internal_TemplateCompilerBase->trigger_template_error()
#1 /var/www/html/ardis/app/ThirdParty/smarty/sysplugins/smarty_internal_compile_block.php(110): Smarty_Internal_CompileBase->closeTag()
#2 /var/www/html/ardis/app/ThirdParty/smarty/sysplugins/smarty_internal_templatecompilerbase.php(752): Smarty_Internal_Compile_Blockclose->compile()
#3 /var/www/html/ardis/app/ThirdParty/smarty/sysplugins/smarty_internal_templatecompilerbase.php(1481): Smarty_Internal_TemplateCompilerBase->callTagCompiler()
#4 /var/www/html/ardis/app/ThirdParty/smarty/sysplugins/smarty_internal_templatecompilerbase.php(553): Smarty_Internal_TemplateCompilerBase->compileTag2()
#5 /var/www/html/ardis/app/ThirdParty/smarty/sysplugins/smarty_internal_templateparser.php(2251): Smarty_Internal_TemplateCompilerBase->compileTag()
#6 /var/www/html/ardis/app/ThirdParty/smarty/sysplugins/smarty_internal_templateparser.php(2777): Smarty_Internal_Templateparser->yy_r44()
#7 /var/www/html/ardis/app/ThirdParty/smarty/sysplugins/smarty_internal_templateparser.php(2872): Smarty_Internal_Templateparser->yy_reduce()
#8 /var/www/html/ardis/app/ThirdParty/smarty/sysplugins/smarty_internal_smartytemplatecompiler.php(131): Smarty_Internal_Templateparser->doParse()
#9 /var/www/html/ardis/app/ThirdParty/smarty/sysplugins/smarty_internal_templatecompilerbase.php(469): Smarty_Internal_SmartyTemplateCompiler->doCompile()
#10 /var/www/html/ardis/app/ThirdParty/smarty/sysplugins/smarty_internal_templatecompilerbase.php(395): Smarty_Internal_TemplateCompilerBase->compileTemplateSource()
#11 /var/www/html/ardis/app/ThirdParty/smarty/sysplugins/smarty_template_compiled.php(184): Smarty_Internal_TemplateCompilerBase->compileTemplate()
#12 /var/www/html/ardis/app/ThirdParty/smarty/sysplugins/smarty_template_compiled.php(141): Smarty_Template_Compiled->compileTemplateSource()
#13 /var/www/html/ardis/app/ThirdParty/smarty/sysplugins/smarty_template_compiled.php(105): Smarty_Template_Compiled->process()
#14 /var/www/html/ardis/app/ThirdParty/smarty/sysplugins/smarty_internal_template.php(216): Smarty_Template_Compiled->render()
#15 /var/www/html/ardis/app/ThirdParty/smarty/sysplugins/smarty_internal_templatebase.php(238): Smarty_Internal_Template->render()
#16 /var/www/html/ardis/app/ThirdParty/smarty/sysplugins/smarty_internal_templatebase.php(134): Smarty_Internal_TemplateBase->_execute()
#17 /var/www/html/ardis/app/Controllers/BaseController.php(73): Smarty_Internal_TemplateBase->display()
#18 /var/www/html/ardis/app/Controllers/Reservation.php(42): App\Controllers\BaseController->display()
#19 /var/www/html/ardis/system/CodeIgniter.php(825): App\Controllers\Reservation->validation()
#20 /var/www/html/ardis/system/CodeIgniter.php(412): CodeIgniter\CodeIgniter->runController()
#21 /var/www/html/ardis/system/CodeIgniter.php(320): CodeIgniter\CodeIgniter->handleRequest()
#22 /var/www/html/ardis/public/index.php(37): CodeIgniter\CodeIgniter->run()
#23 {main}
CRITICAL - 2022-03-04 07:26:33 --> Typed property App\Controllers\Customers::$pseudo must be string, null used
#0 /var/www/html/ardis/system/CodeIgniter.php(802): App\Controllers\Customers->__construct()
#1 /var/www/html/ardis/system/CodeIgniter.php(403): CodeIgniter\CodeIgniter->createController()
#2 /var/www/html/ardis/system/CodeIgniter.php(320): CodeIgniter\CodeIgniter->handleRequest()
#3 /var/www/html/ardis/public/index.php(37): CodeIgniter\CodeIgniter->run()
#4 {main}
CRITICAL - 2022-03-04 07:47:03 --> Array to string conversion
#0 /var/www/html/ardis/writable/cache/templates_c/e59b8c86ef87b32fa27431aeda6a3571e8fe83c8_0.file.reservation_validation.tpl.php(125): CodeIgniter\Debug\Exceptions->errorHandler()
#1 /var/www/html/ardis/app/ThirdParty/smarty/sysplugins/smarty_internal_runtime_inheritance.php(248): Block_364157829622213d75d1a79_08795437->callBlock()
#2 /var/www/html/ardis/app/ThirdParty/smarty/sysplugins/smarty_internal_runtime_inheritance.php(184): Smarty_Internal_Runtime_Inheritance->callBlock()
#3 /var/www/html/ardis/app/ThirdParty/smarty/sysplugins/smarty_internal_runtime_inheritance.php(186): Smarty_Internal_Runtime_Inheritance->process()
#4 /var/www/html/ardis/app/ThirdParty/smarty/sysplugins/smarty_internal_runtime_inheritance.php(156): Smarty_Internal_Runtime_Inheritance->process()
#5 /var/www/html/ardis/writable/cache/templates_c/99521537329930fe353d6a3eadd00d40b5d8ecb7_0.file.layout.tpl.php(32): Smarty_Internal_Runtime_Inheritance->instanceBlock()
#6 /var/www/html/ardis/app/ThirdParty/smarty/sysplugins/smarty_template_resource_base.php(123): content_621e37413c14d9_89003798()
#7 /var/www/html/ardis/app/ThirdParty/smarty/sysplugins/smarty_template_compiled.php(114): Smarty_Template_Resource_Base->getRenderedTemplateCode()
#8 /var/www/html/ardis/app/ThirdParty/smarty/sysplugins/smarty_internal_template.php(216): Smarty_Template_Compiled->render()
#9 /var/www/html/ardis/app/ThirdParty/smarty/sysplugins/smarty_internal_template.php(385): Smarty_Internal_Template->render()
#10 /var/www/html/ardis/app/ThirdParty/smarty/sysplugins/smarty_internal_runtime_inheritance.php(116): Smarty_Internal_Template->_subTemplateRender()
#11 /var/www/html/ardis/writable/cache/templates_c/e59b8c86ef87b32fa27431aeda6a3571e8fe83c8_0.file.reservation_validation.tpl.php(30): Smarty_Internal_Runtime_Inheritance->endChild()
#12 /var/www/html/ardis/app/ThirdParty/smarty/sysplugins/smarty_template_resource_base.php(123): content_622213d75d54f6_70748307()
#13 /var/www/html/ardis/app/ThirdParty/smarty/sysplugins/smarty_template_compiled.php(114): Smarty_Template_Resource_Base->getRenderedTemplateCode()
#14 /var/www/html/ardis/app/ThirdParty/smarty/sysplugins/smarty_internal_template.php(216): Smarty_Template_Compiled->render()
#15 /var/www/html/ardis/app/ThirdParty/smarty/sysplugins/smarty_internal_templatebase.php(238): Smarty_Internal_Template->render()
#16 /var/www/html/ardis/app/ThirdParty/smarty/sysplugins/smarty_internal_templatebase.php(134): Smarty_Internal_TemplateBase->_execute()
#17 /var/www/html/ardis/app/Controllers/BaseController.php(73): Smarty_Internal_TemplateBase->display()
#18 /var/www/html/ardis/app/Controllers/Reservation.php(41): App\Controllers\BaseController->display()
#19 /var/www/html/ardis/system/CodeIgniter.php(825): App\Controllers\Reservation->validation()
#20 /var/www/html/ardis/system/CodeIgniter.php(412): CodeIgniter\CodeIgniter->runController()
#21 /var/www/html/ardis/system/CodeIgniter.php(320): CodeIgniter\CodeIgniter->handleRequest()
#22 /var/www/html/ardis/public/index.php(37): CodeIgniter\CodeIgniter->run()
#23 {main}
CRITICAL - 2022-03-04 08:32:42 --> syntax error, unexpected 'function' (T_FUNCTION), expecting '('
#0 /var/www/html/ardis/system/Autoloader/Autoloader.php(241): CodeIgniter\Autoloader\Autoloader->includeFile()
#1 /var/www/html/ardis/system/Autoloader/Autoloader.php(219): CodeIgniter\Autoloader\Autoloader->loadInNamespace()
#2 [internal function]: CodeIgniter\Autoloader\Autoloader->loadClass()
#3 /var/www/html/ardis/app/Controllers/Customers.php(53): spl_autoload_call()
#4 /var/www/html/ardis/system/CodeIgniter.php(802): App\Controllers\Customers->__construct()
#5 /var/www/html/ardis/system/CodeIgniter.php(403): CodeIgniter\CodeIgniter->createController()
#6 /var/www/html/ardis/system/CodeIgniter.php(320): CodeIgniter\CodeIgniter->handleRequest()
#7 /var/www/html/ardis/public/index.php(37): CodeIgniter\CodeIgniter->run()
#8 {main}
ERROR - 2022-03-04 13:14:40 --> You have an error in your SQL syntax; check the manual that corresponds to your MySQL server version for the right syntax to use near 'INNER JOIN clients ON clients.client_id = compt_id' at line 3
CRITICAL - 2022-03-04 13:14:40 --> You have an error in your SQL syntax; check the manual that corresponds to your MySQL server version for the right syntax to use near 'INNER JOIN clients ON clients.client_id = compt_id' at line 3
#0 /var/www/html/ardis/system/Database/MySQLi/Connection.php(292): mysqli->query()
#1 /var/www/html/ardis/system/Database/BaseConnection.php(670): CodeIgniter\Database\MySQLi\Connection->execute()
#2 /var/www/html/ardis/system/Database/BaseConnection.php(598): CodeIgniter\Database\BaseConnection->simpleQuery()
#3 /var/www/html/ardis/app/Models/UsersModel.php(27): CodeIgniter\Database\BaseConnection->query()
#4 /var/www/html/ardis/app/Models/UserManager.php(22): App\Models\UsersModel->login()
#5 /var/www/html/ardis/app/Controllers/Visitor.php(38): App\Models\UserManager->verificate_login()
#6 /var/www/html/ardis/system/CodeIgniter.php(825): App\Controllers\Visitor->login()
#7 /var/www/html/ardis/system/CodeIgniter.php(412): CodeIgniter\CodeIgniter->runController()
#8 /var/www/html/ardis/system/CodeIgniter.php(320): CodeIgniter\CodeIgniter->handleRequest()
#9 /var/www/html/ardis/public/index.php(37): CodeIgniter\CodeIgniter->run()
#10 {main}
CRITICAL - 2022-03-04 13:16:21 --> Syntax error in template "file:/var/www/html/ardis/app/Views/reservation_validation.tpl"  on line 25 "<td>{$nom   $prenom}" too many shorthand attributes
#0 /var/www/html/ardis/app/ThirdParty/smarty/sysplugins/smarty_internal_compilebase.php(90): Smarty_Internal_TemplateCompilerBase->trigger_template_error()
#1 /var/www/html/ardis/app/ThirdParty/smarty/sysplugins/smarty_internal_compile_private_print_expression.php(48): Smarty_Internal_CompileBase->getAttributes()
#2 /var/www/html/ardis/app/ThirdParty/smarty/sysplugins/smarty_internal_templatecompilerbase.php(752): Smarty_Internal_Compile_Private_Print_Expression->compile()
#3 /var/www/html/ardis/app/ThirdParty/smarty/sysplugins/smarty_internal_templatecompilerbase.php(1481): Smarty_Internal_TemplateCompilerBase->callTagCompiler()
#4 /var/www/html/ardis/app/ThirdParty/smarty/sysplugins/smarty_internal_templatecompilerbase.php(553): Smarty_Internal_TemplateCompilerBase->compileTag2()
#5 /var/www/html/ardis/app/ThirdParty/smarty/sysplugins/smarty_internal_templateparser.php(2130): Smarty_Internal_TemplateCompilerBase->compileTag()
#6 /var/www/html/ardis/app/ThirdParty/smarty/sysplugins/smarty_internal_templateparser.php(2777): Smarty_Internal_Templateparser->yy_r16()
#7 /var/www/html/ardis/app/ThirdParty/smarty/sysplugins/smarty_internal_templateparser.php(2872): Smarty_Internal_Templateparser->yy_reduce()
#8 /var/www/html/ardis/app/ThirdParty/smarty/sysplugins/smarty_internal_smartytemplatecompiler.php(128): Smarty_Internal_Templateparser->doParse()
#9 /var/www/html/ardis/app/ThirdParty/smarty/sysplugins/smarty_internal_templatecompilerbase.php(469): Smarty_Internal_SmartyTemplateCompiler->doCompile()
#10 /var/www/html/ardis/app/ThirdParty/smarty/sysplugins/smarty_internal_templatecompilerbase.php(395): Smarty_Internal_TemplateCompilerBase->compileTemplateSource()
#11 /var/www/html/ardis/app/ThirdParty/smarty/sysplugins/smarty_template_compiled.php(184): Smarty_Internal_TemplateCompilerBase->compileTemplate()
#12 /var/www/html/ardis/app/ThirdParty/smarty/sysplugins/smarty_template_compiled.php(141): Smarty_Template_Compiled->compileTemplateSource()
#13 /var/www/html/ardis/app/ThirdParty/smarty/sysplugins/smarty_template_compiled.php(105): Smarty_Template_Compiled->process()
#14 /var/www/html/ardis/app/ThirdParty/smarty/sysplugins/smarty_internal_template.php(216): Smarty_Template_Compiled->render()
#15 /var/www/html/ardis/app/ThirdParty/smarty/sysplugins/smarty_internal_templatebase.php(238): Smarty_Internal_Template->render()
#16 /var/www/html/ardis/app/ThirdParty/smarty/sysplugins/smarty_internal_templatebase.php(134): Smarty_Internal_TemplateBase->_execute()
#17 /var/www/html/ardis/app/Controllers/BaseController.php(73): Smarty_Internal_TemplateBase->display()
#18 /var/www/html/ardis/app/Controllers/Reservation.php(57): App\Controllers\BaseController->display()
#19 /var/www/html/ardis/system/CodeIgniter.php(825): App\Controllers\Reservation->validation()
#20 /var/www/html/ardis/system/CodeIgniter.php(412): CodeIgniter\CodeIgniter->runController()
#21 /var/www/html/ardis/system/CodeIgniter.php(320): CodeIgniter\CodeIgniter->handleRequest()
#22 /var/www/html/ardis/public/index.php(37): CodeIgniter\CodeIgniter->run()
#23 {main}
CRITICAL - 2022-03-04 13:31:34 --> Undefined variable: data
#0 /var/www/html/ardis/app/Controllers/Reservation.php(45): CodeIgniter\Debug\Exceptions->errorHandler()
#1 /var/www/html/ardis/system/CodeIgniter.php(825): App\Controllers\Reservation->validation()
#2 /var/www/html/ardis/system/CodeIgniter.php(412): CodeIgniter\CodeIgniter->runController()
#3 /var/www/html/ardis/system/CodeIgniter.php(320): CodeIgniter\CodeIgniter->handleRequest()
#4 /var/www/html/ardis/public/index.php(37): CodeIgniter\CodeIgniter->run()
#5 {main}
CRITICAL - 2022-03-04 13:32:00 --> date_diff() expects parameter 1 to be DateTimeInterface, string given
#0 [internal function]: CodeIgniter\Debug\Exceptions->errorHandler()
#1 /var/www/html/ardis/app/Models/ReservationManager.php(21): date_diff()
#2 /var/www/html/ardis/app/Controllers/Reservation.php(45): App\Models\ReservationManager->getResultDateReservation()
#3 /var/www/html/ardis/system/CodeIgniter.php(825): App\Controllers\Reservation->validation()
#4 /var/www/html/ardis/system/CodeIgniter.php(412): CodeIgniter\CodeIgniter->runController()
#5 /var/www/html/ardis/system/CodeIgniter.php(320): CodeIgniter\CodeIgniter->handleRequest()
#6 /var/www/html/ardis/public/index.php(37): CodeIgniter\CodeIgniter->run()
#7 {main}
CRITICAL - 2022-03-04 13:32:49 --> Call to undefined function App\Models\DateTime()
#0 /var/www/html/ardis/app/Controllers/Reservation.php(45): App\Models\ReservationManager->getResultDateReservation()
#1 /var/www/html/ardis/system/CodeIgniter.php(825): App\Controllers\Reservation->validation()
#2 /var/www/html/ardis/system/CodeIgniter.php(412): CodeIgniter\CodeIgniter->runController()
#3 /var/www/html/ardis/system/CodeIgniter.php(320): CodeIgniter\CodeIgniter->handleRequest()
#4 /var/www/html/ardis/public/index.php(37): CodeIgniter\CodeIgniter->run()
#5 {main}
CRITICAL - 2022-03-04 13:33:20 --> Class 'App\Models\DateTime' not found
#0 /var/www/html/ardis/app/Controllers/Reservation.php(45): App\Models\ReservationManager->getResultDateReservation()
#1 /var/www/html/ardis/system/CodeIgniter.php(825): App\Controllers\Reservation->validation()
#2 /var/www/html/ardis/system/CodeIgniter.php(412): CodeIgniter\CodeIgniter->runController()
#3 /var/www/html/ardis/system/CodeIgniter.php(320): CodeIgniter\CodeIgniter->handleRequest()
#4 /var/www/html/ardis/public/index.php(37): CodeIgniter\CodeIgniter->run()
#5 {main}
CRITICAL - 2022-03-04 13:33:33 --> Object of class DateInterval could not be converted to string
#0 /var/www/html/ardis/app/ThirdParty/smarty/sysplugins/smarty_internal_runtime_inheritance.php(248): Block_14426194876222698d83a400_06702283->callBlock()
#1 /var/www/html/ardis/app/ThirdParty/smarty/sysplugins/smarty_internal_runtime_inheritance.php(184): Smarty_Internal_Runtime_Inheritance->callBlock()
#2 /var/www/html/ardis/app/ThirdParty/smarty/sysplugins/smarty_internal_runtime_inheritance.php(186): Smarty_Internal_Runtime_Inheritance->process()
#3 /var/www/html/ardis/app/ThirdParty/smarty/sysplugins/smarty_internal_runtime_inheritance.php(156): Smarty_Internal_Runtime_Inheritance->process()
#4 /var/www/html/ardis/writable/cache/templates_c/99521537329930fe353d6a3eadd00d40b5d8ecb7_0.file.layout.tpl.php(32): Smarty_Internal_Runtime_Inheritance->instanceBlock()
#5 /var/www/html/ardis/app/ThirdParty/smarty/sysplugins/smarty_template_resource_base.php(123): content_621e37413c14d9_89003798()
#6 /var/www/html/ardis/app/ThirdParty/smarty/sysplugins/smarty_template_compiled.php(114): Smarty_Template_Resource_Base->getRenderedTemplateCode()
#7 /var/www/html/ardis/app/ThirdParty/smarty/sysplugins/smarty_internal_template.php(216): Smarty_Template_Compiled->render()
#8 /var/www/html/ardis/app/ThirdParty/smarty/sysplugins/smarty_internal_template.php(385): Smarty_Internal_Template->render()
#9 /var/www/html/ardis/app/ThirdParty/smarty/sysplugins/smarty_internal_runtime_inheritance.php(116): Smarty_Internal_Template->_subTemplateRender()
#10 /var/www/html/ardis/writable/cache/templates_c/e59b8c86ef87b32fa27431aeda6a3571e8fe83c8_0.file.reservation_validation.tpl.php(30): Smarty_Internal_Runtime_Inheritance->endChild()
#11 /var/www/html/ardis/app/ThirdParty/smarty/sysplugins/smarty_template_resource_base.php(123): content_6222698d83e4a2_27166338()
#12 /var/www/html/ardis/app/ThirdParty/smarty/sysplugins/smarty_template_compiled.php(114): Smarty_Template_Resource_Base->getRenderedTemplateCode()
#13 /var/www/html/ardis/app/ThirdParty/smarty/sysplugins/smarty_internal_template.php(216): Smarty_Template_Compiled->render()
#14 /var/www/html/ardis/app/ThirdParty/smarty/sysplugins/smarty_internal_templatebase.php(238): Smarty_Internal_Template->render()
#15 /var/www/html/ardis/app/ThirdParty/smarty/sysplugins/smarty_internal_templatebase.php(134): Smarty_Internal_TemplateBase->_execute()
#16 /var/www/html/ardis/app/Controllers/BaseController.php(73): Smarty_Internal_TemplateBase->display()
#17 /var/www/html/ardis/app/Controllers/Reservation.php(57): App\Controllers\BaseController->display()
#18 /var/www/html/ardis/system/CodeIgniter.php(825): App\Controllers\Reservation->validation()
#19 /var/www/html/ardis/system/CodeIgniter.php(412): CodeIgniter\CodeIgniter->runController()
#20 /var/www/html/ardis/system/CodeIgniter.php(320): CodeIgniter\CodeIgniter->handleRequest()
#21 /var/www/html/ardis/public/index.php(37): CodeIgniter\CodeIgniter->run()
#22 {main}
CRITICAL - 2022-03-04 13:34:03 --> Object of class DateInterval could not be converted to string
#0 /var/www/html/ardis/app/ThirdParty/smarty/sysplugins/smarty_internal_runtime_inheritance.php(248): Block_14426194876222698d83a400_06702283->callBlock()
#1 /var/www/html/ardis/app/ThirdParty/smarty/sysplugins/smarty_internal_runtime_inheritance.php(184): Smarty_Internal_Runtime_Inheritance->callBlock()
#2 /var/www/html/ardis/app/ThirdParty/smarty/sysplugins/smarty_internal_runtime_inheritance.php(186): Smarty_Internal_Runtime_Inheritance->process()
#3 /var/www/html/ardis/app/ThirdParty/smarty/sysplugins/smarty_internal_runtime_inheritance.php(156): Smarty_Internal_Runtime_Inheritance->process()
#4 /var/www/html/ardis/writable/cache/templates_c/99521537329930fe353d6a3eadd00d40b5d8ecb7_0.file.layout.tpl.php(32): Smarty_Internal_Runtime_Inheritance->instanceBlock()
#5 /var/www/html/ardis/app/ThirdParty/smarty/sysplugins/smarty_template_resource_base.php(123): content_621e37413c14d9_89003798()
#6 /var/www/html/ardis/app/ThirdParty/smarty/sysplugins/smarty_template_compiled.php(114): Smarty_Template_Resource_Base->getRenderedTemplateCode()
#7 /var/www/html/ardis/app/ThirdParty/smarty/sysplugins/smarty_internal_template.php(216): Smarty_Template_Compiled->render()
#8 /var/www/html/ardis/app/ThirdParty/smarty/sysplugins/smarty_internal_template.php(385): Smarty_Internal_Template->render()
#9 /var/www/html/ardis/app/ThirdParty/smarty/sysplugins/smarty_internal_runtime_inheritance.php(116): Smarty_Internal_Template->_subTemplateRender()
#10 /var/www/html/ardis/writable/cache/templates_c/e59b8c86ef87b32fa27431aeda6a3571e8fe83c8_0.file.reservation_validation.tpl.php(30): Smarty_Internal_Runtime_Inheritance->endChild()
#11 /var/www/html/ardis/app/ThirdParty/smarty/sysplugins/smarty_template_resource_base.php(123): content_6222698d83e4a2_27166338()
#12 /var/www/html/ardis/app/ThirdParty/smarty/sysplugins/smarty_template_compiled.php(114): Smarty_Template_Resource_Base->getRenderedTemplateCode()
#13 /var/www/html/ardis/app/ThirdParty/smarty/sysplugins/smarty_internal_template.php(216): Smarty_Template_Compiled->render()
#14 /var/www/html/ardis/app/ThirdParty/smarty/sysplugins/smarty_internal_templatebase.php(238): Smarty_Internal_Template->render()
#15 /var/www/html/ardis/app/ThirdParty/smarty/sysplugins/smarty_internal_templatebase.php(134): Smarty_Internal_TemplateBase->_execute()
#16 /var/www/html/ardis/app/Controllers/BaseController.php(73): Smarty_Internal_TemplateBase->display()
#17 /var/www/html/ardis/app/Controllers/Reservation.php(57): App\Controllers\BaseController->display()
#18 /var/www/html/ardis/system/CodeIgniter.php(825): App\Controllers\Reservation->validation()
#19 /var/www/html/ardis/system/CodeIgniter.php(412): CodeIgniter\CodeIgniter->runController()
#20 /var/www/html/ardis/system/CodeIgniter.php(320): CodeIgniter\CodeIgniter->handleRequest()
#21 /var/www/html/ardis/public/index.php(37): CodeIgniter\CodeIgniter->run()
#22 {main}
CRITICAL - 2022-03-04 14:24:21 --> Undefined variable: name_rand_file
#0 /var/www/html/ardis/app/Models/ImageManager.php(51): CodeIgniter\Debug\Exceptions->errorHandler()
#1 /var/www/html/ardis/app/Controllers/Customers.php(145): App\Models\ImageManager->updateProfileOrError()
#2 /var/www/html/ardis/system/CodeIgniter.php(825): App\Controllers\Customers->edite_profile()
#3 /var/www/html/ardis/system/CodeIgniter.php(412): CodeIgniter\CodeIgniter->runController()
#4 /var/www/html/ardis/system/CodeIgniter.php(320): CodeIgniter\CodeIgniter->handleRequest()
#5 /var/www/html/ardis/public/index.php(37): CodeIgniter\CodeIgniter->run()
#6 {main}
CRITICAL - 2022-03-04 14:25:52 --> Undefined variable: file_is_matches_or_error
#0 /var/www/html/ardis/app/Models/ImageManager.php(50): CodeIgniter\Debug\Exceptions->errorHandler()
#1 /var/www/html/ardis/app/Controllers/Customers.php(145): App\Models\ImageManager->updateProfileOrError()
#2 /var/www/html/ardis/system/CodeIgniter.php(825): App\Controllers\Customers->edite_profile()
#3 /var/www/html/ardis/system/CodeIgniter.php(412): CodeIgniter\CodeIgniter->runController()
#4 /var/www/html/ardis/system/CodeIgniter.php(320): CodeIgniter\CodeIgniter->handleRequest()
#5 /var/www/html/ardis/public/index.php(37): CodeIgniter\CodeIgniter->run()
#6 {main}
CRITICAL - 2022-03-04 14:26:06 --> Undefined variable: file_is_matches_or_error
#0 /var/www/html/ardis/app/Models/ImageManager.php(53): CodeIgniter\Debug\Exceptions->errorHandler()
#1 /var/www/html/ardis/app/Controllers/Customers.php(145): App\Models\ImageManager->updateProfileOrError()
#2 /var/www/html/ardis/system/CodeIgniter.php(825): App\Controllers\Customers->edite_profile()
#3 /var/www/html/ardis/system/CodeIgniter.php(412): CodeIgniter\CodeIgniter->runController()
#4 /var/www/html/ardis/system/CodeIgniter.php(320): CodeIgniter\CodeIgniter->handleRequest()
#5 /var/www/html/ardis/public/index.php(37): CodeIgniter\CodeIgniter->run()
#6 {main}
CRITICAL - 2022-03-04 14:28:28 --> syntax error, unexpected '}', expecting identifier (T_STRING) or variable (T_VARIABLE) or '{' or '$'
#0 /var/www/html/ardis/system/Autoloader/Autoloader.php(241): CodeIgniter\Autoloader\Autoloader->includeFile()
#1 /var/www/html/ardis/system/Autoloader/Autoloader.php(219): CodeIgniter\Autoloader\Autoloader->loadInNamespace()
#2 [internal function]: CodeIgniter\Autoloader\Autoloader->loadClass()
#3 /var/www/html/ardis/app/Controllers/Hotel.php(38): spl_autoload_call()
#4 /var/www/html/ardis/system/CodeIgniter.php(802): App\Controllers\Hotel->__construct()
#5 /var/www/html/ardis/system/CodeIgniter.php(403): CodeIgniter\CodeIgniter->createController()
#6 /var/www/html/ardis/system/CodeIgniter.php(320): CodeIgniter\CodeIgniter->handleRequest()
#7 /var/www/html/ardis/public/index.php(37): CodeIgniter\CodeIgniter->run()
#8 {main}
CRITICAL - 2022-03-04 14:47:17 --> Call to undefined method App\Controllers\Hotel::getPost()
#0 /var/www/html/ardis/system/CodeIgniter.php(825): App\Controllers\Hotel->addAvis()
#1 /var/www/html/ardis/system/CodeIgniter.php(412): CodeIgniter\CodeIgniter->runController()
#2 /var/www/html/ardis/system/CodeIgniter.php(320): CodeIgniter\CodeIgniter->handleRequest()
#3 /var/www/html/ardis/public/index.php(37): CodeIgniter\CodeIgniter->run()
#4 {main}
