CRITICAL - 2022-02-15 13:32:01 --> fopen(/var/www/html/ardis/writable/session/ci_session9hig8rcbuo1kseja74tkqt7pf08sh8if): failed to open stream: Permission denied
#0 [internal function]: CodeIgniter\Debug\Exceptions->errorHandler()
#1 /var/www/html/ardis/system/Session/Handlers/FileHandler.php(129): fopen()
#2 [internal function]: CodeIgniter\Session\Handlers\FileHandler->read()
#3 /var/www/html/ardis/system/Session/Session.php(894): session_start()
#4 /var/www/html/ardis/system/Session/Session.php(238): CodeIgniter\Session\Session->startSession()
#5 /var/www/html/ardis/system/Config/Services.php(577): CodeIgniter\Session\Session->start()
#6 /var/www/html/ardis/system/Config/BaseService.php(248): CodeIgniter\Config\Services::session()
#7 /var/www/html/ardis/system/Config/BaseService.php(189): CodeIgniter\Config\BaseService::__callStatic()
#8 /var/www/html/ardis/system/Config/Services.php(563): CodeIgniter\Config\BaseService::getSharedInstance()
#9 /var/www/html/ardis/system/Config/BaseService.php(248): CodeIgniter\Config\Services::session()
#10 /var/www/html/ardis/system/Common.php(901): CodeIgniter\Config\BaseService::__callStatic()
#11 /var/www/html/ardis/app/Controllers/Pages.php(9): session()
#12 /var/www/html/ardis/app/Controllers/Visiteur.php(9): App\Controllers\Pages->__construct()
#13 /var/www/html/ardis/system/CodeIgniter.php(802): App\Controllers\Visiteur->__construct()
#14 /var/www/html/ardis/system/CodeIgniter.php(403): CodeIgniter\CodeIgniter->createController()
#15 /var/www/html/ardis/system/CodeIgniter.php(320): CodeIgniter\CodeIgniter->handleRequest()
#16 /var/www/html/ardis/public/index.php(37): CodeIgniter\CodeIgniter->run()
#17 {main}
CRITICAL - 2022-02-15 13:32:22 --> Unable to load template 'file:assets.tpl'
#0 /var/www/html/ardis/app/ThirdParty/smarty/sysplugins/smarty_internal_templatebase.php(238): Smarty_Internal_Template->render()
#1 /var/www/html/ardis/app/ThirdParty/smarty/sysplugins/smarty_internal_templatebase.php(134): Smarty_Internal_TemplateBase->_execute()
#2 /var/www/html/ardis/app/Controllers/Pages.php(28): Smarty_Internal_TemplateBase->display()
#3 /var/www/html/ardis/system/CodeIgniter.php(825): App\Controllers\Pages->view()
#4 /var/www/html/ardis/system/CodeIgniter.php(412): CodeIgniter\CodeIgniter->runController()
#5 /var/www/html/ardis/system/CodeIgniter.php(320): CodeIgniter\CodeIgniter->handleRequest()
#6 /var/www/html/ardis/public/index.php(37): CodeIgniter\CodeIgniter->run()
#7 {main}
CRITICAL - 2022-02-15 13:34:25 --> Unable to load template 'file:assets.tpl'
#0 /var/www/html/ardis/app/ThirdParty/smarty/sysplugins/smarty_internal_templatebase.php(238): Smarty_Internal_Template->render()
#1 /var/www/html/ardis/app/ThirdParty/smarty/sysplugins/smarty_internal_templatebase.php(134): Smarty_Internal_TemplateBase->_execute()
#2 /var/www/html/ardis/app/Controllers/Pages.php(28): Smarty_Internal_TemplateBase->display()
#3 /var/www/html/ardis/system/CodeIgniter.php(825): App\Controllers\Pages->view()
#4 /var/www/html/ardis/system/CodeIgniter.php(412): CodeIgniter\CodeIgniter->runController()
#5 /var/www/html/ardis/system/CodeIgniter.php(320): CodeIgniter\CodeIgniter->handleRequest()
#6 /var/www/html/ardis/public/index.php(37): CodeIgniter\CodeIgniter->run()
#7 {main}
CRITICAL - 2022-02-15 13:49:19 --> Unable to load template 'file:view.tpl'
#0 /var/www/html/ardis/app/ThirdParty/smarty/sysplugins/smarty_internal_templatebase.php(238): Smarty_Internal_Template->render()
#1 /var/www/html/ardis/app/ThirdParty/smarty/sysplugins/smarty_internal_templatebase.php(134): Smarty_Internal_TemplateBase->_execute()
#2 /var/www/html/ardis/app/Controllers/Pages.php(28): Smarty_Internal_TemplateBase->display()
#3 /var/www/html/ardis/system/CodeIgniter.php(825): App\Controllers\Pages->view()
#4 /var/www/html/ardis/system/CodeIgniter.php(412): CodeIgniter\CodeIgniter->runController()
#5 /var/www/html/ardis/system/CodeIgniter.php(320): CodeIgniter\CodeIgniter->handleRequest()
#6 /var/www/html/ardis/public/index.php(37): CodeIgniter\CodeIgniter->run()
#7 {main}
CRITICAL - 2022-02-15 14:41:10 --> syntax error, unexpected 'public' (T_PUBLIC)
#0 /var/www/html/ardis/system/Autoloader/Autoloader.php(241): CodeIgniter\Autoloader\Autoloader->includeFile()
#1 /var/www/html/ardis/system/Autoloader/Autoloader.php(219): CodeIgniter\Autoloader\Autoloader->loadInNamespace()
#2 [internal function]: CodeIgniter\Autoloader\Autoloader->loadClass()
#3 [internal function]: spl_autoload_call()
#4 /var/www/html/ardis/system/CodeIgniter.php(790): class_exists()
#5 /var/www/html/ardis/system/CodeIgniter.php(399): CodeIgniter\CodeIgniter->startController()
#6 /var/www/html/ardis/system/CodeIgniter.php(320): CodeIgniter\CodeIgniter->handleRequest()
#7 /var/www/html/ardis/public/index.php(37): CodeIgniter\CodeIgniter->run()
#8 {main}
CRITICAL - 2022-02-15 14:41:14 --> syntax error, unexpected 'public' (T_PUBLIC)
#0 /var/www/html/ardis/system/Autoloader/Autoloader.php(241): CodeIgniter\Autoloader\Autoloader->includeFile()
#1 /var/www/html/ardis/system/Autoloader/Autoloader.php(219): CodeIgniter\Autoloader\Autoloader->loadInNamespace()
#2 [internal function]: CodeIgniter\Autoloader\Autoloader->loadClass()
#3 [internal function]: spl_autoload_call()
#4 /var/www/html/ardis/system/CodeIgniter.php(790): class_exists()
#5 /var/www/html/ardis/system/CodeIgniter.php(399): CodeIgniter\CodeIgniter->startController()
#6 /var/www/html/ardis/system/CodeIgniter.php(320): CodeIgniter\CodeIgniter->handleRequest()
#7 /var/www/html/ardis/public/index.php(37): CodeIgniter\CodeIgniter->run()
#8 {main}
CRITICAL - 2022-02-15 14:54:01 --> Undefined variable: passwd
#0 /var/www/html/ardis/app/Controllers/UsersController.php(64): CodeIgniter\Debug\Exceptions->errorHandler()
#1 /var/www/html/ardis/app/Controllers/UsersController.php(38): App\Controllers\UsersController->verif_conf_password()
#2 /var/www/html/ardis/app/Controllers/Visiteur.php(33): App\Controllers\UsersController->verificate_create_account()
#3 /var/www/html/ardis/system/CodeIgniter.php(825): App\Controllers\Visiteur->create_account()
#4 /var/www/html/ardis/system/CodeIgniter.php(412): CodeIgniter\CodeIgniter->runController()
#5 /var/www/html/ardis/system/CodeIgniter.php(320): CodeIgniter\CodeIgniter->handleRequest()
#6 /var/www/html/ardis/public/index.php(37): CodeIgniter\CodeIgniter->run()
#7 {main}
CRITICAL - 2022-02-15 15:01:59 --> Undefined index: city
#0 /var/www/html/ardis/app/Controllers/UsersController.php(39): CodeIgniter\Debug\Exceptions->errorHandler()
#1 /var/www/html/ardis/app/Controllers/Visiteur.php(33): App\Controllers\UsersController->verificate_create_account()
#2 /var/www/html/ardis/system/CodeIgniter.php(825): App\Controllers\Visiteur->create_account()
#3 /var/www/html/ardis/system/CodeIgniter.php(412): CodeIgniter\CodeIgniter->runController()
#4 /var/www/html/ardis/system/CodeIgniter.php(320): CodeIgniter\CodeIgniter->handleRequest()
#5 /var/www/html/ardis/public/index.php(37): CodeIgniter\CodeIgniter->run()
#6 {main}
CRITICAL - 2022-02-15 15:03:04 --> Undefined index: tel
#0 /var/www/html/ardis/app/Controllers/UsersController.php(45): CodeIgniter\Debug\Exceptions->errorHandler()
#1 /var/www/html/ardis/app/Controllers/Visiteur.php(33): App\Controllers\UsersController->verificate_create_account()
#2 /var/www/html/ardis/system/CodeIgniter.php(825): App\Controllers\Visiteur->create_account()
#3 /var/www/html/ardis/system/CodeIgniter.php(412): CodeIgniter\CodeIgniter->runController()
#4 /var/www/html/ardis/system/CodeIgniter.php(320): CodeIgniter\CodeIgniter->handleRequest()
#5 /var/www/html/ardis/public/index.php(37): CodeIgniter\CodeIgniter->run()
#6 {main}
CRITICAL - 2022-02-15 15:03:28 --> Undefined index: city
#0 /var/www/html/ardis/app/Controllers/UsersController.php(40): CodeIgniter\Debug\Exceptions->errorHandler()
#1 /var/www/html/ardis/app/Controllers/Visiteur.php(33): App\Controllers\UsersController->verificate_create_account()
#2 /var/www/html/ardis/system/CodeIgniter.php(825): App\Controllers\Visiteur->create_account()
#3 /var/www/html/ardis/system/CodeIgniter.php(412): CodeIgniter\CodeIgniter->runController()
#4 /var/www/html/ardis/system/CodeIgniter.php(320): CodeIgniter\CodeIgniter->handleRequest()
#5 /var/www/html/ardis/public/index.php(37): CodeIgniter\CodeIgniter->run()
#6 {main}
CRITICAL - 2022-02-15 15:03:53 --> Undefined index: city
#0 /var/www/html/ardis/app/Controllers/UsersController.php(40): CodeIgniter\Debug\Exceptions->errorHandler()
#1 /var/www/html/ardis/app/Controllers/Visiteur.php(33): App\Controllers\UsersController->verificate_create_account()
#2 /var/www/html/ardis/system/CodeIgniter.php(825): App\Controllers\Visiteur->create_account()
#3 /var/www/html/ardis/system/CodeIgniter.php(412): CodeIgniter\CodeIgniter->runController()
#4 /var/www/html/ardis/system/CodeIgniter.php(320): CodeIgniter\CodeIgniter->handleRequest()
#5 /var/www/html/ardis/public/index.php(37): CodeIgniter\CodeIgniter->run()
#6 {main}
CRITICAL - 2022-02-15 15:05:14 --> Undefined index: city
#0 /var/www/html/ardis/app/Controllers/UsersController.php(40): CodeIgniter\Debug\Exceptions->errorHandler()
#1 /var/www/html/ardis/app/Controllers/Visiteur.php(33): App\Controllers\UsersController->verificate_create_account()
#2 /var/www/html/ardis/system/CodeIgniter.php(825): App\Controllers\Visiteur->create_account()
#3 /var/www/html/ardis/system/CodeIgniter.php(412): CodeIgniter\CodeIgniter->runController()
#4 /var/www/html/ardis/system/CodeIgniter.php(320): CodeIgniter\CodeIgniter->handleRequest()
#5 /var/www/html/ardis/public/index.php(37): CodeIgniter\CodeIgniter->run()
#6 {main}
CRITICAL - 2022-02-15 15:09:02 --> Undefined variable: passwd
#0 /var/www/html/ardis/app/Controllers/UsersController.php(55): CodeIgniter\Debug\Exceptions->errorHandler()
#1 /var/www/html/ardis/app/Controllers/Visiteur.php(33): App\Controllers\UsersController->verificate_create_account()
#2 /var/www/html/ardis/system/CodeIgniter.php(825): App\Controllers\Visiteur->create_account()
#3 /var/www/html/ardis/system/CodeIgniter.php(412): CodeIgniter\CodeIgniter->runController()
#4 /var/www/html/ardis/system/CodeIgniter.php(320): CodeIgniter\CodeIgniter->handleRequest()
#5 /var/www/html/ardis/public/index.php(37): CodeIgniter\CodeIgniter->run()
#6 {main}
CRITICAL - 2022-02-15 15:09:34 --> Undefined variable: passwd
#0 /var/www/html/ardis/app/Controllers/UsersController.php(53): CodeIgniter\Debug\Exceptions->errorHandler()
#1 /var/www/html/ardis/app/Controllers/Visiteur.php(33): App\Controllers\UsersController->verificate_create_account()
#2 /var/www/html/ardis/system/CodeIgniter.php(825): App\Controllers\Visiteur->create_account()
#3 /var/www/html/ardis/system/CodeIgniter.php(412): CodeIgniter\CodeIgniter->runController()
#4 /var/www/html/ardis/system/CodeIgniter.php(320): CodeIgniter\CodeIgniter->handleRequest()
#5 /var/www/html/ardis/public/index.php(37): CodeIgniter\CodeIgniter->run()
#6 {main}
CRITICAL - 2022-02-15 15:09:56 --> Undefined variable: passwd
#0 /var/www/html/ardis/app/Controllers/UsersController.php(53): CodeIgniter\Debug\Exceptions->errorHandler()
#1 /var/www/html/ardis/app/Controllers/Visiteur.php(33): App\Controllers\UsersController->verificate_create_account()
#2 /var/www/html/ardis/system/CodeIgniter.php(825): App\Controllers\Visiteur->create_account()
#3 /var/www/html/ardis/system/CodeIgniter.php(412): CodeIgniter\CodeIgniter->runController()
#4 /var/www/html/ardis/system/CodeIgniter.php(320): CodeIgniter\CodeIgniter->handleRequest()
#5 /var/www/html/ardis/public/index.php(37): CodeIgniter\CodeIgniter->run()
#6 {main}
CRITICAL - 2022-02-15 15:12:42 --> Undefined variable: passwd
#0 /var/www/html/ardis/app/Controllers/UsersController.php(53): CodeIgniter\Debug\Exceptions->errorHandler()
#1 /var/www/html/ardis/app/Controllers/Visiteur.php(33): App\Controllers\UsersController->verificate_create_account()
#2 /var/www/html/ardis/system/CodeIgniter.php(825): App\Controllers\Visiteur->create_account()
#3 /var/www/html/ardis/system/CodeIgniter.php(412): CodeIgniter\CodeIgniter->runController()
#4 /var/www/html/ardis/system/CodeIgniter.php(320): CodeIgniter\CodeIgniter->handleRequest()
#5 /var/www/html/ardis/public/index.php(37): CodeIgniter\CodeIgniter->run()
#6 {main}
