CRITICAL - 2022-02-23 03:44:05 --> Unable to load template 'file:Sampatico.tpl'
#0 /var/www/html/ardis/app/ThirdParty/smarty/sysplugins/smarty_internal_templatebase.php(238): Smarty_Internal_Template->render()
#1 /var/www/html/ardis/app/ThirdParty/smarty/sysplugins/smarty_internal_templatebase.php(134): Smarty_Internal_TemplateBase->_execute()
#2 /var/www/html/ardis/app/Controllers/BaseController.php(73): Smarty_Internal_TemplateBase->display()
#3 /var/www/html/ardis/app/Controllers/Hotel.php(44): App\Controllers\BaseController->display()
#4 /var/www/html/ardis/system/CodeIgniter.php(825): App\Controllers\Hotel->view()
#5 /var/www/html/ardis/system/CodeIgniter.php(412): CodeIgniter\CodeIgniter->runController()
#6 /var/www/html/ardis/system/CodeIgniter.php(320): CodeIgniter\CodeIgniter->handleRequest()
#7 /var/www/html/ardis/public/index.php(37): CodeIgniter\CodeIgniter->run()
#8 {main}
CRITICAL - 2022-02-23 03:44:06 --> Unable to load template 'file:Sampatico.tpl'
#0 /var/www/html/ardis/app/ThirdParty/smarty/sysplugins/smarty_internal_templatebase.php(238): Smarty_Internal_Template->render()
#1 /var/www/html/ardis/app/ThirdParty/smarty/sysplugins/smarty_internal_templatebase.php(134): Smarty_Internal_TemplateBase->_execute()
#2 /var/www/html/ardis/app/Controllers/BaseController.php(73): Smarty_Internal_TemplateBase->display()
#3 /var/www/html/ardis/app/Controllers/Hotel.php(44): App\Controllers\BaseController->display()
#4 /var/www/html/ardis/system/CodeIgniter.php(825): App\Controllers\Hotel->view()
#5 /var/www/html/ardis/system/CodeIgniter.php(412): CodeIgniter\CodeIgniter->runController()
#6 /var/www/html/ardis/system/CodeIgniter.php(320): CodeIgniter\CodeIgniter->handleRequest()
#7 /var/www/html/ardis/public/index.php(37): CodeIgniter\CodeIgniter->run()
#8 {main}
CRITICAL - 2022-02-23 03:44:06 --> Unable to load template 'file:Sampatico.tpl'
#0 /var/www/html/ardis/app/ThirdParty/smarty/sysplugins/smarty_internal_templatebase.php(238): Smarty_Internal_Template->render()
#1 /var/www/html/ardis/app/ThirdParty/smarty/sysplugins/smarty_internal_templatebase.php(134): Smarty_Internal_TemplateBase->_execute()
#2 /var/www/html/ardis/app/Controllers/BaseController.php(73): Smarty_Internal_TemplateBase->display()
#3 /var/www/html/ardis/app/Controllers/Hotel.php(44): App\Controllers\BaseController->display()
#4 /var/www/html/ardis/system/CodeIgniter.php(825): App\Controllers\Hotel->view()
#5 /var/www/html/ardis/system/CodeIgniter.php(412): CodeIgniter\CodeIgniter->runController()
#6 /var/www/html/ardis/system/CodeIgniter.php(320): CodeIgniter\CodeIgniter->handleRequest()
#7 /var/www/html/ardis/public/index.php(37): CodeIgniter\CodeIgniter->run()
#8 {main}
CRITICAL - 2022-02-23 03:44:06 --> Unable to load template 'file:Sampatico.tpl'
#0 /var/www/html/ardis/app/ThirdParty/smarty/sysplugins/smarty_internal_templatebase.php(238): Smarty_Internal_Template->render()
#1 /var/www/html/ardis/app/ThirdParty/smarty/sysplugins/smarty_internal_templatebase.php(134): Smarty_Internal_TemplateBase->_execute()
#2 /var/www/html/ardis/app/Controllers/BaseController.php(73): Smarty_Internal_TemplateBase->display()
#3 /var/www/html/ardis/app/Controllers/Hotel.php(44): App\Controllers\BaseController->display()
#4 /var/www/html/ardis/system/CodeIgniter.php(825): App\Controllers\Hotel->view()
#5 /var/www/html/ardis/system/CodeIgniter.php(412): CodeIgniter\CodeIgniter->runController()
#6 /var/www/html/ardis/system/CodeIgniter.php(320): CodeIgniter\CodeIgniter->handleRequest()
#7 /var/www/html/ardis/public/index.php(37): CodeIgniter\CodeIgniter->run()
#8 {main}
CRITICAL - 2022-02-23 03:44:06 --> Unable to load template 'file:Sampatico.tpl'
#0 /var/www/html/ardis/app/ThirdParty/smarty/sysplugins/smarty_internal_templatebase.php(238): Smarty_Internal_Template->render()
#1 /var/www/html/ardis/app/ThirdParty/smarty/sysplugins/smarty_internal_templatebase.php(134): Smarty_Internal_TemplateBase->_execute()
#2 /var/www/html/ardis/app/Controllers/BaseController.php(73): Smarty_Internal_TemplateBase->display()
#3 /var/www/html/ardis/app/Controllers/Hotel.php(44): App\Controllers\BaseController->display()
#4 /var/www/html/ardis/system/CodeIgniter.php(825): App\Controllers\Hotel->view()
#5 /var/www/html/ardis/system/CodeIgniter.php(412): CodeIgniter\CodeIgniter->runController()
#6 /var/www/html/ardis/system/CodeIgniter.php(320): CodeIgniter\CodeIgniter->handleRequest()
#7 /var/www/html/ardis/public/index.php(37): CodeIgniter\CodeIgniter->run()
#8 {main}
CRITICAL - 2022-02-23 03:44:39 --> Unable to load template 'file:Sampatico.tpl'
#0 /var/www/html/ardis/app/ThirdParty/smarty/sysplugins/smarty_internal_templatebase.php(238): Smarty_Internal_Template->render()
#1 /var/www/html/ardis/app/ThirdParty/smarty/sysplugins/smarty_internal_templatebase.php(134): Smarty_Internal_TemplateBase->_execute()
#2 /var/www/html/ardis/app/Controllers/BaseController.php(73): Smarty_Internal_TemplateBase->display()
#3 /var/www/html/ardis/app/Controllers/Hotel.php(44): App\Controllers\BaseController->display()
#4 /var/www/html/ardis/system/CodeIgniter.php(825): App\Controllers\Hotel->view()
#5 /var/www/html/ardis/system/CodeIgniter.php(412): CodeIgniter\CodeIgniter->runController()
#6 /var/www/html/ardis/system/CodeIgniter.php(320): CodeIgniter\CodeIgniter->handleRequest()
#7 /var/www/html/ardis/public/index.php(37): CodeIgniter\CodeIgniter->run()
#8 {main}
