CRITICAL - 2022-02-17 04:53:52 --> Unable to load template 'file:{$item->hotel_nom|lower}.tpl'
#0 C:\MAMP\htdocs\ardis\app\ThirdParty\smarty\sysplugins\smarty_internal_templatebase.php(238): Smarty_Internal_Template->render(false, 1)
#1 C:\MAMP\htdocs\ardis\app\ThirdParty\smarty\sysplugins\smarty_internal_templatebase.php(134): Smarty_Internal_TemplateBase->_execute(Object(Smarty_Internal_Template), NULL, NULL, NULL, 1)
#2 C:\MAMP\htdocs\ardis\app\Controllers\Pages.php(31): Smarty_Internal_TemplateBase->display('{$item->hotel_n...')
#3 C:\MAMP\htdocs\ardis\system\CodeIgniter.php(825): App\Controllers\Pages->view('{$item->hotel_n...')
#4 C:\MAMP\htdocs\ardis\system\CodeIgniter.php(412): CodeIgniter\CodeIgniter->runController(Object(App\Controllers\Pages))
#5 C:\MAMP\htdocs\ardis\system\CodeIgniter.php(320): CodeIgniter\CodeIgniter->handleRequest(NULL, Object(Config\Cache), false)
#6 C:\MAMP\htdocs\ardis\public\index.php(37): CodeIgniter\CodeIgniter->run()
#7 {main}
CRITICAL - 2022-02-17 04:53:58 --> Unable to load template 'file:{$item->hotel_nom|lower}.tpl'
#0 C:\MAMP\htdocs\ardis\app\ThirdParty\smarty\sysplugins\smarty_internal_templatebase.php(238): Smarty_Internal_Template->render(false, 1)
#1 C:\MAMP\htdocs\ardis\app\ThirdParty\smarty\sysplugins\smarty_internal_templatebase.php(134): Smarty_Internal_TemplateBase->_execute(Object(Smarty_Internal_Template), NULL, NULL, NULL, 1)
#2 C:\MAMP\htdocs\ardis\app\Controllers\Pages.php(31): Smarty_Internal_TemplateBase->display('{$item->hotel_n...')
#3 C:\MAMP\htdocs\ardis\system\CodeIgniter.php(825): App\Controllers\Pages->view('{$item->hotel_n...')
#4 C:\MAMP\htdocs\ardis\system\CodeIgniter.php(412): CodeIgniter\CodeIgniter->runController(Object(App\Controllers\Pages))
#5 C:\MAMP\htdocs\ardis\system\CodeIgniter.php(320): CodeIgniter\CodeIgniter->handleRequest(NULL, Object(Config\Cache), false)
#6 C:\MAMP\htdocs\ardis\public\index.php(37): CodeIgniter\CodeIgniter->run()
#7 {main}
CRITICAL - 2022-02-17 04:59:47 --> Unable to load template 'file:assets.tpl'
#0 C:\MAMP\htdocs\ardis\app\ThirdParty\smarty\sysplugins\smarty_internal_templatebase.php(238): Smarty_Internal_Template->render(false, 1)
#1 C:\MAMP\htdocs\ardis\app\ThirdParty\smarty\sysplugins\smarty_internal_templatebase.php(134): Smarty_Internal_TemplateBase->_execute(Object(Smarty_Internal_Template), NULL, NULL, NULL, 1)
#2 C:\MAMP\htdocs\ardis\app\Controllers\Pages.php(31): Smarty_Internal_TemplateBase->display('assets.tpl')
#3 C:\MAMP\htdocs\ardis\system\CodeIgniter.php(825): App\Controllers\Pages->view('assets', 'profile')
#4 C:\MAMP\htdocs\ardis\system\CodeIgniter.php(412): CodeIgniter\CodeIgniter->runController(Object(App\Controllers\Pages))
#5 C:\MAMP\htdocs\ardis\system\CodeIgniter.php(320): CodeIgniter\CodeIgniter->handleRequest(NULL, Object(Config\Cache), false)
#6 C:\MAMP\htdocs\ardis\public\index.php(37): CodeIgniter\CodeIgniter->run()
#7 {main}
CRITICAL - 2022-02-17 04:59:47 --> Unable to load template 'file:assets.tpl'
#0 C:\MAMP\htdocs\ardis\app\ThirdParty\smarty\sysplugins\smarty_internal_templatebase.php(238): Smarty_Internal_Template->render(false, 1)
#1 C:\MAMP\htdocs\ardis\app\ThirdParty\smarty\sysplugins\smarty_internal_templatebase.php(134): Smarty_Internal_TemplateBase->_execute(Object(Smarty_Internal_Template), NULL, NULL, NULL, 1)
#2 C:\MAMP\htdocs\ardis\app\Controllers\Pages.php(31): Smarty_Internal_TemplateBase->display('assets.tpl')
#3 C:\MAMP\htdocs\ardis\system\CodeIgniter.php(825): App\Controllers\Pages->view('assets', 'profile')
#4 C:\MAMP\htdocs\ardis\system\CodeIgniter.php(412): CodeIgniter\CodeIgniter->runController(Object(App\Controllers\Pages))
#5 C:\MAMP\htdocs\ardis\system\CodeIgniter.php(320): CodeIgniter\CodeIgniter->handleRequest(NULL, Object(Config\Cache), false)
#6 C:\MAMP\htdocs\ardis\public\index.php(37): CodeIgniter\CodeIgniter->run()
#7 {main}
