CRITICAL - 2022-02-13 11:05:38 --> Unable to load template 'file:assets.tpl'
#0 /var/www/html/ardis/app/ThirdParty/smarty/sysplugins/smarty_internal_templatebase.php(238): Smarty_Internal_Template->render()
#1 /var/www/html/ardis/app/ThirdParty/smarty/sysplugins/smarty_internal_templatebase.php(134): Smarty_Internal_TemplateBase->_execute()
#2 /var/www/html/ardis/app/Controllers/Pages.php(22): Smarty_Internal_TemplateBase->display()
#3 /var/www/html/ardis/system/CodeIgniter.php(825): App\Controllers\Pages->pages()
#4 /var/www/html/ardis/system/CodeIgniter.php(412): CodeIgniter\CodeIgniter->runController()
#5 /var/www/html/ardis/system/CodeIgniter.php(320): CodeIgniter\CodeIgniter->handleRequest()
#6 /var/www/html/ardis/public/index.php(37): CodeIgniter\CodeIgniter->run()
#7 {main}
CRITICAL - 2022-02-13 11:07:54 --> touch(): Utime failed: Permission denied
#0 [internal function]: CodeIgniter\Debug\Exceptions->errorHandler()
#1 /var/www/html/ardis/app/ThirdParty/smarty/sysplugins/smarty_template_compiled.php(178): touch()
#2 /var/www/html/ardis/app/ThirdParty/smarty/sysplugins/smarty_template_compiled.php(141): Smarty_Template_Compiled->compileTemplateSource()
#3 /var/www/html/ardis/app/ThirdParty/smarty/sysplugins/smarty_template_compiled.php(105): Smarty_Template_Compiled->process()
#4 /var/www/html/ardis/app/ThirdParty/smarty/sysplugins/smarty_internal_template.php(216): Smarty_Template_Compiled->render()
#5 /var/www/html/ardis/app/ThirdParty/smarty/sysplugins/smarty_internal_templatebase.php(238): Smarty_Internal_Template->render()
#6 /var/www/html/ardis/app/ThirdParty/smarty/sysplugins/smarty_internal_templatebase.php(134): Smarty_Internal_TemplateBase->_execute()
#7 /var/www/html/ardis/app/Controllers/Pages.php(22): Smarty_Internal_TemplateBase->display()
#8 /var/www/html/ardis/system/CodeIgniter.php(825): App\Controllers\Pages->page()
#9 /var/www/html/ardis/system/CodeIgniter.php(412): CodeIgniter\CodeIgniter->runController()
#10 /var/www/html/ardis/system/CodeIgniter.php(320): CodeIgniter\CodeIgniter->handleRequest()
#11 /var/www/html/ardis/public/index.php(37): CodeIgniter\CodeIgniter->run()
#12 {main}
CRITICAL - 2022-02-13 11:12:36 --> Syntax error in template "file:/var/www/html/ardis/app/Views/mdpoublier.tpl"  on line 20 "<input id="emailInput" placeholder="e-mail" class="form-control" type="email" oninvalid="setCustomValidity('Merci de mettre un e-mail valide.')" onchange="try{setCustomValidity('')}catch(e){}" required="">" unknown function 'setCustomValidity'
#0 /var/www/html/ardis/app/ThirdParty/smarty/sysplugins/smarty_internal_templatecompilerbase.php(649): Smarty_Internal_TemplateCompilerBase->trigger_template_error()
#1 /var/www/html/ardis/app/ThirdParty/smarty/sysplugins/smarty_internal_templateparser.php(2601): Smarty_Internal_TemplateCompilerBase->compilePHPFunctionCall()
#2 /var/www/html/ardis/app/ThirdParty/smarty/sysplugins/smarty_internal_templateparser.php(2777): Smarty_Internal_Templateparser->yy_r143()
#3 /var/www/html/ardis/app/ThirdParty/smarty/sysplugins/smarty_internal_templateparser.php(2872): Smarty_Internal_Templateparser->yy_reduce()
#4 /var/www/html/ardis/app/ThirdParty/smarty/sysplugins/smarty_internal_smartytemplatecompiler.php(128): Smarty_Internal_Templateparser->doParse()
#5 /var/www/html/ardis/app/ThirdParty/smarty/sysplugins/smarty_internal_templatecompilerbase.php(469): Smarty_Internal_SmartyTemplateCompiler->doCompile()
#6 /var/www/html/ardis/app/ThirdParty/smarty/sysplugins/smarty_internal_templatecompilerbase.php(395): Smarty_Internal_TemplateCompilerBase->compileTemplateSource()
#7 /var/www/html/ardis/app/ThirdParty/smarty/sysplugins/smarty_template_compiled.php(184): Smarty_Internal_TemplateCompilerBase->compileTemplate()
#8 /var/www/html/ardis/app/ThirdParty/smarty/sysplugins/smarty_template_compiled.php(141): Smarty_Template_Compiled->compileTemplateSource()
#9 /var/www/html/ardis/app/ThirdParty/smarty/sysplugins/smarty_template_compiled.php(105): Smarty_Template_Compiled->process()
#10 /var/www/html/ardis/app/ThirdParty/smarty/sysplugins/smarty_internal_template.php(216): Smarty_Template_Compiled->render()
#11 /var/www/html/ardis/app/ThirdParty/smarty/sysplugins/smarty_internal_templatebase.php(238): Smarty_Internal_Template->render()
#12 /var/www/html/ardis/app/ThirdParty/smarty/sysplugins/smarty_internal_templatebase.php(134): Smarty_Internal_TemplateBase->_execute()
#13 /var/www/html/ardis/app/Controllers/Pages.php(22): Smarty_Internal_TemplateBase->display()
#14 /var/www/html/ardis/system/CodeIgniter.php(825): App\Controllers\Pages->page()
#15 /var/www/html/ardis/system/CodeIgniter.php(412): CodeIgniter\CodeIgniter->runController()
#16 /var/www/html/ardis/system/CodeIgniter.php(320): CodeIgniter\CodeIgniter->handleRequest()
#17 /var/www/html/ardis/public/index.php(37): CodeIgniter\CodeIgniter->run()
#18 {main}
CRITICAL - 2022-02-13 11:12:42 --> Syntax error in template "file:/var/www/html/ardis/app/Views/mdpoublier.tpl"  on line 20 "<input id="emailInput" placeholder="e-mail" class="form-control" type="email" oninvalid="setCustomValidity('Merci de mettre un e-mail valide.')" onchange="try{setCustomValidity('')}catch(e){}" required="">" unknown function 'setCustomValidity'
#0 /var/www/html/ardis/app/ThirdParty/smarty/sysplugins/smarty_internal_templatecompilerbase.php(649): Smarty_Internal_TemplateCompilerBase->trigger_template_error()
#1 /var/www/html/ardis/app/ThirdParty/smarty/sysplugins/smarty_internal_templateparser.php(2601): Smarty_Internal_TemplateCompilerBase->compilePHPFunctionCall()
#2 /var/www/html/ardis/app/ThirdParty/smarty/sysplugins/smarty_internal_templateparser.php(2777): Smarty_Internal_Templateparser->yy_r143()
#3 /var/www/html/ardis/app/ThirdParty/smarty/sysplugins/smarty_internal_templateparser.php(2872): Smarty_Internal_Templateparser->yy_reduce()
#4 /var/www/html/ardis/app/ThirdParty/smarty/sysplugins/smarty_internal_smartytemplatecompiler.php(128): Smarty_Internal_Templateparser->doParse()
#5 /var/www/html/ardis/app/ThirdParty/smarty/sysplugins/smarty_internal_templatecompilerbase.php(469): Smarty_Internal_SmartyTemplateCompiler->doCompile()
#6 /var/www/html/ardis/app/ThirdParty/smarty/sysplugins/smarty_internal_templatecompilerbase.php(395): Smarty_Internal_TemplateCompilerBase->compileTemplateSource()
#7 /var/www/html/ardis/app/ThirdParty/smarty/sysplugins/smarty_template_compiled.php(184): Smarty_Internal_TemplateCompilerBase->compileTemplate()
#8 /var/www/html/ardis/app/ThirdParty/smarty/sysplugins/smarty_template_compiled.php(141): Smarty_Template_Compiled->compileTemplateSource()
#9 /var/www/html/ardis/app/ThirdParty/smarty/sysplugins/smarty_template_compiled.php(105): Smarty_Template_Compiled->process()
#10 /var/www/html/ardis/app/ThirdParty/smarty/sysplugins/smarty_internal_template.php(216): Smarty_Template_Compiled->render()
#11 /var/www/html/ardis/app/ThirdParty/smarty/sysplugins/smarty_internal_templatebase.php(238): Smarty_Internal_Template->render()
#12 /var/www/html/ardis/app/ThirdParty/smarty/sysplugins/smarty_internal_templatebase.php(134): Smarty_Internal_TemplateBase->_execute()
#13 /var/www/html/ardis/app/Controllers/Pages.php(22): Smarty_Internal_TemplateBase->display()
#14 /var/www/html/ardis/system/CodeIgniter.php(825): App\Controllers\Pages->page()
#15 /var/www/html/ardis/system/CodeIgniter.php(412): CodeIgniter\CodeIgniter->runController()
#16 /var/www/html/ardis/system/CodeIgniter.php(320): CodeIgniter\CodeIgniter->handleRequest()
#17 /var/www/html/ardis/public/index.php(37): CodeIgniter\CodeIgniter->run()
#18 {main}
CRITICAL - 2022-02-13 11:12:43 --> Syntax error in template "file:/var/www/html/ardis/app/Views/mdpoublier.tpl"  on line 20 "<input id="emailInput" placeholder="e-mail" class="form-control" type="email" oninvalid="setCustomValidity('Merci de mettre un e-mail valide.')" onchange="try{setCustomValidity('')}catch(e){}" required="">" unknown function 'setCustomValidity'
#0 /var/www/html/ardis/app/ThirdParty/smarty/sysplugins/smarty_internal_templatecompilerbase.php(649): Smarty_Internal_TemplateCompilerBase->trigger_template_error()
#1 /var/www/html/ardis/app/ThirdParty/smarty/sysplugins/smarty_internal_templateparser.php(2601): Smarty_Internal_TemplateCompilerBase->compilePHPFunctionCall()
#2 /var/www/html/ardis/app/ThirdParty/smarty/sysplugins/smarty_internal_templateparser.php(2777): Smarty_Internal_Templateparser->yy_r143()
#3 /var/www/html/ardis/app/ThirdParty/smarty/sysplugins/smarty_internal_templateparser.php(2872): Smarty_Internal_Templateparser->yy_reduce()
#4 /var/www/html/ardis/app/ThirdParty/smarty/sysplugins/smarty_internal_smartytemplatecompiler.php(128): Smarty_Internal_Templateparser->doParse()
#5 /var/www/html/ardis/app/ThirdParty/smarty/sysplugins/smarty_internal_templatecompilerbase.php(469): Smarty_Internal_SmartyTemplateCompiler->doCompile()
#6 /var/www/html/ardis/app/ThirdParty/smarty/sysplugins/smarty_internal_templatecompilerbase.php(395): Smarty_Internal_TemplateCompilerBase->compileTemplateSource()
#7 /var/www/html/ardis/app/ThirdParty/smarty/sysplugins/smarty_template_compiled.php(184): Smarty_Internal_TemplateCompilerBase->compileTemplate()
#8 /var/www/html/ardis/app/ThirdParty/smarty/sysplugins/smarty_template_compiled.php(141): Smarty_Template_Compiled->compileTemplateSource()
#9 /var/www/html/ardis/app/ThirdParty/smarty/sysplugins/smarty_template_compiled.php(105): Smarty_Template_Compiled->process()
#10 /var/www/html/ardis/app/ThirdParty/smarty/sysplugins/smarty_internal_template.php(216): Smarty_Template_Compiled->render()
#11 /var/www/html/ardis/app/ThirdParty/smarty/sysplugins/smarty_internal_templatebase.php(238): Smarty_Internal_Template->render()
#12 /var/www/html/ardis/app/ThirdParty/smarty/sysplugins/smarty_internal_templatebase.php(134): Smarty_Internal_TemplateBase->_execute()
#13 /var/www/html/ardis/app/Controllers/Pages.php(22): Smarty_Internal_TemplateBase->display()
#14 /var/www/html/ardis/system/CodeIgniter.php(825): App\Controllers\Pages->page()
#15 /var/www/html/ardis/system/CodeIgniter.php(412): CodeIgniter\CodeIgniter->runController()
#16 /var/www/html/ardis/system/CodeIgniter.php(320): CodeIgniter\CodeIgniter->handleRequest()
#17 /var/www/html/ardis/public/index.php(37): CodeIgniter\CodeIgniter->run()
#18 {main}
CRITICAL - 2022-02-13 11:12:43 --> Syntax error in template "file:/var/www/html/ardis/app/Views/mdpoublier.tpl"  on line 20 "<input id="emailInput" placeholder="e-mail" class="form-control" type="email" oninvalid="setCustomValidity('Merci de mettre un e-mail valide.')" onchange="try{setCustomValidity('')}catch(e){}" required="">" unknown function 'setCustomValidity'
#0 /var/www/html/ardis/app/ThirdParty/smarty/sysplugins/smarty_internal_templatecompilerbase.php(649): Smarty_Internal_TemplateCompilerBase->trigger_template_error()
#1 /var/www/html/ardis/app/ThirdParty/smarty/sysplugins/smarty_internal_templateparser.php(2601): Smarty_Internal_TemplateCompilerBase->compilePHPFunctionCall()
#2 /var/www/html/ardis/app/ThirdParty/smarty/sysplugins/smarty_internal_templateparser.php(2777): Smarty_Internal_Templateparser->yy_r143()
#3 /var/www/html/ardis/app/ThirdParty/smarty/sysplugins/smarty_internal_templateparser.php(2872): Smarty_Internal_Templateparser->yy_reduce()
#4 /var/www/html/ardis/app/ThirdParty/smarty/sysplugins/smarty_internal_smartytemplatecompiler.php(128): Smarty_Internal_Templateparser->doParse()
#5 /var/www/html/ardis/app/ThirdParty/smarty/sysplugins/smarty_internal_templatecompilerbase.php(469): Smarty_Internal_SmartyTemplateCompiler->doCompile()
#6 /var/www/html/ardis/app/ThirdParty/smarty/sysplugins/smarty_internal_templatecompilerbase.php(395): Smarty_Internal_TemplateCompilerBase->compileTemplateSource()
#7 /var/www/html/ardis/app/ThirdParty/smarty/sysplugins/smarty_template_compiled.php(184): Smarty_Internal_TemplateCompilerBase->compileTemplate()
#8 /var/www/html/ardis/app/ThirdParty/smarty/sysplugins/smarty_template_compiled.php(141): Smarty_Template_Compiled->compileTemplateSource()
#9 /var/www/html/ardis/app/ThirdParty/smarty/sysplugins/smarty_template_compiled.php(105): Smarty_Template_Compiled->process()
#10 /var/www/html/ardis/app/ThirdParty/smarty/sysplugins/smarty_internal_template.php(216): Smarty_Template_Compiled->render()
#11 /var/www/html/ardis/app/ThirdParty/smarty/sysplugins/smarty_internal_templatebase.php(238): Smarty_Internal_Template->render()
#12 /var/www/html/ardis/app/ThirdParty/smarty/sysplugins/smarty_internal_templatebase.php(134): Smarty_Internal_TemplateBase->_execute()
#13 /var/www/html/ardis/app/Controllers/Pages.php(22): Smarty_Internal_TemplateBase->display()
#14 /var/www/html/ardis/system/CodeIgniter.php(825): App\Controllers\Pages->page()
#15 /var/www/html/ardis/system/CodeIgniter.php(412): CodeIgniter\CodeIgniter->runController()
#16 /var/www/html/ardis/system/CodeIgniter.php(320): CodeIgniter\CodeIgniter->handleRequest()
#17 /var/www/html/ardis/public/index.php(37): CodeIgniter\CodeIgniter->run()
#18 {main}
CRITICAL - 2022-02-13 11:12:43 --> Syntax error in template "file:/var/www/html/ardis/app/Views/mdpoublier.tpl"  on line 20 "<input id="emailInput" placeholder="e-mail" class="form-control" type="email" oninvalid="setCustomValidity('Merci de mettre un e-mail valide.')" onchange="try{setCustomValidity('')}catch(e){}" required="">" unknown function 'setCustomValidity'
#0 /var/www/html/ardis/app/ThirdParty/smarty/sysplugins/smarty_internal_templatecompilerbase.php(649): Smarty_Internal_TemplateCompilerBase->trigger_template_error()
#1 /var/www/html/ardis/app/ThirdParty/smarty/sysplugins/smarty_internal_templateparser.php(2601): Smarty_Internal_TemplateCompilerBase->compilePHPFunctionCall()
#2 /var/www/html/ardis/app/ThirdParty/smarty/sysplugins/smarty_internal_templateparser.php(2777): Smarty_Internal_Templateparser->yy_r143()
#3 /var/www/html/ardis/app/ThirdParty/smarty/sysplugins/smarty_internal_templateparser.php(2872): Smarty_Internal_Templateparser->yy_reduce()
#4 /var/www/html/ardis/app/ThirdParty/smarty/sysplugins/smarty_internal_smartytemplatecompiler.php(128): Smarty_Internal_Templateparser->doParse()
#5 /var/www/html/ardis/app/ThirdParty/smarty/sysplugins/smarty_internal_templatecompilerbase.php(469): Smarty_Internal_SmartyTemplateCompiler->doCompile()
#6 /var/www/html/ardis/app/ThirdParty/smarty/sysplugins/smarty_internal_templatecompilerbase.php(395): Smarty_Internal_TemplateCompilerBase->compileTemplateSource()
#7 /var/www/html/ardis/app/ThirdParty/smarty/sysplugins/smarty_template_compiled.php(184): Smarty_Internal_TemplateCompilerBase->compileTemplate()
#8 /var/www/html/ardis/app/ThirdParty/smarty/sysplugins/smarty_template_compiled.php(141): Smarty_Template_Compiled->compileTemplateSource()
#9 /var/www/html/ardis/app/ThirdParty/smarty/sysplugins/smarty_template_compiled.php(105): Smarty_Template_Compiled->process()
#10 /var/www/html/ardis/app/ThirdParty/smarty/sysplugins/smarty_internal_template.php(216): Smarty_Template_Compiled->render()
#11 /var/www/html/ardis/app/ThirdParty/smarty/sysplugins/smarty_internal_templatebase.php(238): Smarty_Internal_Template->render()
#12 /var/www/html/ardis/app/ThirdParty/smarty/sysplugins/smarty_internal_templatebase.php(134): Smarty_Internal_TemplateBase->_execute()
#13 /var/www/html/ardis/app/Controllers/Pages.php(22): Smarty_Internal_TemplateBase->display()
#14 /var/www/html/ardis/system/CodeIgniter.php(825): App\Controllers\Pages->page()
#15 /var/www/html/ardis/system/CodeIgniter.php(412): CodeIgniter\CodeIgniter->runController()
#16 /var/www/html/ardis/system/CodeIgniter.php(320): CodeIgniter\CodeIgniter->handleRequest()
#17 /var/www/html/ardis/public/index.php(37): CodeIgniter\CodeIgniter->run()
#18 {main}
CRITICAL - 2022-02-13 11:14:06 --> Syntax error in template "file:/var/www/html/ardis/app/Views/mdpoublier.tpl"  on line 19 "{{literal}" unknown tag 'literal'
#0 /var/www/html/ardis/app/ThirdParty/smarty/sysplugins/smarty_internal_templatecompilerbase.php(1741): Smarty_Internal_TemplateCompilerBase->trigger_template_error()
#1 /var/www/html/ardis/app/ThirdParty/smarty/sysplugins/smarty_internal_templatecompilerbase.php(553): Smarty_Internal_TemplateCompilerBase->compileTag2()
#2 /var/www/html/ardis/app/ThirdParty/smarty/sysplugins/smarty_internal_templateparser.php(2104): Smarty_Internal_TemplateCompilerBase->compileTag()
#3 /var/www/html/ardis/app/ThirdParty/smarty/sysplugins/smarty_internal_templateparser.php(2777): Smarty_Internal_Templateparser->yy_r12()
#4 /var/www/html/ardis/app/ThirdParty/smarty/sysplugins/smarty_internal_templateparser.php(2872): Smarty_Internal_Templateparser->yy_reduce()
#5 /var/www/html/ardis/app/ThirdParty/smarty/sysplugins/smarty_internal_smartytemplatecompiler.php(128): Smarty_Internal_Templateparser->doParse()
#6 /var/www/html/ardis/app/ThirdParty/smarty/sysplugins/smarty_internal_templatecompilerbase.php(469): Smarty_Internal_SmartyTemplateCompiler->doCompile()
#7 /var/www/html/ardis/app/ThirdParty/smarty/sysplugins/smarty_internal_templatecompilerbase.php(395): Smarty_Internal_TemplateCompilerBase->compileTemplateSource()
#8 /var/www/html/ardis/app/ThirdParty/smarty/sysplugins/smarty_template_compiled.php(184): Smarty_Internal_TemplateCompilerBase->compileTemplate()
#9 /var/www/html/ardis/app/ThirdParty/smarty/sysplugins/smarty_template_compiled.php(141): Smarty_Template_Compiled->compileTemplateSource()
#10 /var/www/html/ardis/app/ThirdParty/smarty/sysplugins/smarty_template_compiled.php(105): Smarty_Template_Compiled->process()
#11 /var/www/html/ardis/app/ThirdParty/smarty/sysplugins/smarty_internal_template.php(216): Smarty_Template_Compiled->render()
#12 /var/www/html/ardis/app/ThirdParty/smarty/sysplugins/smarty_internal_templatebase.php(238): Smarty_Internal_Template->render()
#13 /var/www/html/ardis/app/ThirdParty/smarty/sysplugins/smarty_internal_templatebase.php(134): Smarty_Internal_TemplateBase->_execute()
#14 /var/www/html/ardis/app/Controllers/Pages.php(22): Smarty_Internal_TemplateBase->display()
#15 /var/www/html/ardis/system/CodeIgniter.php(825): App\Controllers\Pages->page()
#16 /var/www/html/ardis/system/CodeIgniter.php(412): CodeIgniter\CodeIgniter->runController()
#17 /var/www/html/ardis/system/CodeIgniter.php(320): CodeIgniter\CodeIgniter->handleRequest()
#18 /var/www/html/ardis/public/index.php(37): CodeIgniter\CodeIgniter->run()
#19 {main}
CRITICAL - 2022-02-13 11:14:07 --> Syntax error in template "file:/var/www/html/ardis/app/Views/mdpoublier.tpl"  on line 19 "{{literal}" unknown tag 'literal'
#0 /var/www/html/ardis/app/ThirdParty/smarty/sysplugins/smarty_internal_templatecompilerbase.php(1741): Smarty_Internal_TemplateCompilerBase->trigger_template_error()
#1 /var/www/html/ardis/app/ThirdParty/smarty/sysplugins/smarty_internal_templatecompilerbase.php(553): Smarty_Internal_TemplateCompilerBase->compileTag2()
#2 /var/www/html/ardis/app/ThirdParty/smarty/sysplugins/smarty_internal_templateparser.php(2104): Smarty_Internal_TemplateCompilerBase->compileTag()
#3 /var/www/html/ardis/app/ThirdParty/smarty/sysplugins/smarty_internal_templateparser.php(2777): Smarty_Internal_Templateparser->yy_r12()
#4 /var/www/html/ardis/app/ThirdParty/smarty/sysplugins/smarty_internal_templateparser.php(2872): Smarty_Internal_Templateparser->yy_reduce()
#5 /var/www/html/ardis/app/ThirdParty/smarty/sysplugins/smarty_internal_smartytemplatecompiler.php(128): Smarty_Internal_Templateparser->doParse()
#6 /var/www/html/ardis/app/ThirdParty/smarty/sysplugins/smarty_internal_templatecompilerbase.php(469): Smarty_Internal_SmartyTemplateCompiler->doCompile()
#7 /var/www/html/ardis/app/ThirdParty/smarty/sysplugins/smarty_internal_templatecompilerbase.php(395): Smarty_Internal_TemplateCompilerBase->compileTemplateSource()
#8 /var/www/html/ardis/app/ThirdParty/smarty/sysplugins/smarty_template_compiled.php(184): Smarty_Internal_TemplateCompilerBase->compileTemplate()
#9 /var/www/html/ardis/app/ThirdParty/smarty/sysplugins/smarty_template_compiled.php(141): Smarty_Template_Compiled->compileTemplateSource()
#10 /var/www/html/ardis/app/ThirdParty/smarty/sysplugins/smarty_template_compiled.php(105): Smarty_Template_Compiled->process()
#11 /var/www/html/ardis/app/ThirdParty/smarty/sysplugins/smarty_internal_template.php(216): Smarty_Template_Compiled->render()
#12 /var/www/html/ardis/app/ThirdParty/smarty/sysplugins/smarty_internal_templatebase.php(238): Smarty_Internal_Template->render()
#13 /var/www/html/ardis/app/ThirdParty/smarty/sysplugins/smarty_internal_templatebase.php(134): Smarty_Internal_TemplateBase->_execute()
#14 /var/www/html/ardis/app/Controllers/Pages.php(22): Smarty_Internal_TemplateBase->display()
#15 /var/www/html/ardis/system/CodeIgniter.php(825): App\Controllers\Pages->page()
#16 /var/www/html/ardis/system/CodeIgniter.php(412): CodeIgniter\CodeIgniter->runController()
#17 /var/www/html/ardis/system/CodeIgniter.php(320): CodeIgniter\CodeIgniter->handleRequest()
#18 /var/www/html/ardis/public/index.php(37): CodeIgniter\CodeIgniter->run()
#19 {main}
CRITICAL - 2022-02-13 11:14:08 --> Syntax error in template "file:/var/www/html/ardis/app/Views/mdpoublier.tpl"  on line 19 "{{literal}" unknown tag 'literal'
#0 /var/www/html/ardis/app/ThirdParty/smarty/sysplugins/smarty_internal_templatecompilerbase.php(1741): Smarty_Internal_TemplateCompilerBase->trigger_template_error()
#1 /var/www/html/ardis/app/ThirdParty/smarty/sysplugins/smarty_internal_templatecompilerbase.php(553): Smarty_Internal_TemplateCompilerBase->compileTag2()
#2 /var/www/html/ardis/app/ThirdParty/smarty/sysplugins/smarty_internal_templateparser.php(2104): Smarty_Internal_TemplateCompilerBase->compileTag()
#3 /var/www/html/ardis/app/ThirdParty/smarty/sysplugins/smarty_internal_templateparser.php(2777): Smarty_Internal_Templateparser->yy_r12()
#4 /var/www/html/ardis/app/ThirdParty/smarty/sysplugins/smarty_internal_templateparser.php(2872): Smarty_Internal_Templateparser->yy_reduce()
#5 /var/www/html/ardis/app/ThirdParty/smarty/sysplugins/smarty_internal_smartytemplatecompiler.php(128): Smarty_Internal_Templateparser->doParse()
#6 /var/www/html/ardis/app/ThirdParty/smarty/sysplugins/smarty_internal_templatecompilerbase.php(469): Smarty_Internal_SmartyTemplateCompiler->doCompile()
#7 /var/www/html/ardis/app/ThirdParty/smarty/sysplugins/smarty_internal_templatecompilerbase.php(395): Smarty_Internal_TemplateCompilerBase->compileTemplateSource()
#8 /var/www/html/ardis/app/ThirdParty/smarty/sysplugins/smarty_template_compiled.php(184): Smarty_Internal_TemplateCompilerBase->compileTemplate()
#9 /var/www/html/ardis/app/ThirdParty/smarty/sysplugins/smarty_template_compiled.php(141): Smarty_Template_Compiled->compileTemplateSource()
#10 /var/www/html/ardis/app/ThirdParty/smarty/sysplugins/smarty_template_compiled.php(105): Smarty_Template_Compiled->process()
#11 /var/www/html/ardis/app/ThirdParty/smarty/sysplugins/smarty_internal_template.php(216): Smarty_Template_Compiled->render()
#12 /var/www/html/ardis/app/ThirdParty/smarty/sysplugins/smarty_internal_templatebase.php(238): Smarty_Internal_Template->render()
#13 /var/www/html/ardis/app/ThirdParty/smarty/sysplugins/smarty_internal_templatebase.php(134): Smarty_Internal_TemplateBase->_execute()
#14 /var/www/html/ardis/app/Controllers/Pages.php(22): Smarty_Internal_TemplateBase->display()
#15 /var/www/html/ardis/system/CodeIgniter.php(825): App\Controllers\Pages->page()
#16 /var/www/html/ardis/system/CodeIgniter.php(412): CodeIgniter\CodeIgniter->runController()
#17 /var/www/html/ardis/system/CodeIgniter.php(320): CodeIgniter\CodeIgniter->handleRequest()
#18 /var/www/html/ardis/public/index.php(37): CodeIgniter\CodeIgniter->run()
#19 {main}
CRITICAL - 2022-02-13 11:14:08 --> Syntax error in template "file:/var/www/html/ardis/app/Views/mdpoublier.tpl"  on line 19 "{{literal}" unknown tag 'literal'
#0 /var/www/html/ardis/app/ThirdParty/smarty/sysplugins/smarty_internal_templatecompilerbase.php(1741): Smarty_Internal_TemplateCompilerBase->trigger_template_error()
#1 /var/www/html/ardis/app/ThirdParty/smarty/sysplugins/smarty_internal_templatecompilerbase.php(553): Smarty_Internal_TemplateCompilerBase->compileTag2()
#2 /var/www/html/ardis/app/ThirdParty/smarty/sysplugins/smarty_internal_templateparser.php(2104): Smarty_Internal_TemplateCompilerBase->compileTag()
#3 /var/www/html/ardis/app/ThirdParty/smarty/sysplugins/smarty_internal_templateparser.php(2777): Smarty_Internal_Templateparser->yy_r12()
#4 /var/www/html/ardis/app/ThirdParty/smarty/sysplugins/smarty_internal_templateparser.php(2872): Smarty_Internal_Templateparser->yy_reduce()
#5 /var/www/html/ardis/app/ThirdParty/smarty/sysplugins/smarty_internal_smartytemplatecompiler.php(128): Smarty_Internal_Templateparser->doParse()
#6 /var/www/html/ardis/app/ThirdParty/smarty/sysplugins/smarty_internal_templatecompilerbase.php(469): Smarty_Internal_SmartyTemplateCompiler->doCompile()
#7 /var/www/html/ardis/app/ThirdParty/smarty/sysplugins/smarty_internal_templatecompilerbase.php(395): Smarty_Internal_TemplateCompilerBase->compileTemplateSource()
#8 /var/www/html/ardis/app/ThirdParty/smarty/sysplugins/smarty_template_compiled.php(184): Smarty_Internal_TemplateCompilerBase->compileTemplate()
#9 /var/www/html/ardis/app/ThirdParty/smarty/sysplugins/smarty_template_compiled.php(141): Smarty_Template_Compiled->compileTemplateSource()
#10 /var/www/html/ardis/app/ThirdParty/smarty/sysplugins/smarty_template_compiled.php(105): Smarty_Template_Compiled->process()
#11 /var/www/html/ardis/app/ThirdParty/smarty/sysplugins/smarty_internal_template.php(216): Smarty_Template_Compiled->render()
#12 /var/www/html/ardis/app/ThirdParty/smarty/sysplugins/smarty_internal_templatebase.php(238): Smarty_Internal_Template->render()
#13 /var/www/html/ardis/app/ThirdParty/smarty/sysplugins/smarty_internal_templatebase.php(134): Smarty_Internal_TemplateBase->_execute()
#14 /var/www/html/ardis/app/Controllers/Pages.php(22): Smarty_Internal_TemplateBase->display()
#15 /var/www/html/ardis/system/CodeIgniter.php(825): App\Controllers\Pages->page()
#16 /var/www/html/ardis/system/CodeIgniter.php(412): CodeIgniter\CodeIgniter->runController()
#17 /var/www/html/ardis/system/CodeIgniter.php(320): CodeIgniter\CodeIgniter->handleRequest()
#18 /var/www/html/ardis/public/index.php(37): CodeIgniter\CodeIgniter->run()
#19 {main}
CRITICAL - 2022-02-13 11:14:08 --> Syntax error in template "file:/var/www/html/ardis/app/Views/mdpoublier.tpl"  on line 19 "{{literal}" unknown tag 'literal'
#0 /var/www/html/ardis/app/ThirdParty/smarty/sysplugins/smarty_internal_templatecompilerbase.php(1741): Smarty_Internal_TemplateCompilerBase->trigger_template_error()
#1 /var/www/html/ardis/app/ThirdParty/smarty/sysplugins/smarty_internal_templatecompilerbase.php(553): Smarty_Internal_TemplateCompilerBase->compileTag2()
#2 /var/www/html/ardis/app/ThirdParty/smarty/sysplugins/smarty_internal_templateparser.php(2104): Smarty_Internal_TemplateCompilerBase->compileTag()
#3 /var/www/html/ardis/app/ThirdParty/smarty/sysplugins/smarty_internal_templateparser.php(2777): Smarty_Internal_Templateparser->yy_r12()
#4 /var/www/html/ardis/app/ThirdParty/smarty/sysplugins/smarty_internal_templateparser.php(2872): Smarty_Internal_Templateparser->yy_reduce()
#5 /var/www/html/ardis/app/ThirdParty/smarty/sysplugins/smarty_internal_smartytemplatecompiler.php(128): Smarty_Internal_Templateparser->doParse()
#6 /var/www/html/ardis/app/ThirdParty/smarty/sysplugins/smarty_internal_templatecompilerbase.php(469): Smarty_Internal_SmartyTemplateCompiler->doCompile()
#7 /var/www/html/ardis/app/ThirdParty/smarty/sysplugins/smarty_internal_templatecompilerbase.php(395): Smarty_Internal_TemplateCompilerBase->compileTemplateSource()
#8 /var/www/html/ardis/app/ThirdParty/smarty/sysplugins/smarty_template_compiled.php(184): Smarty_Internal_TemplateCompilerBase->compileTemplate()
#9 /var/www/html/ardis/app/ThirdParty/smarty/sysplugins/smarty_template_compiled.php(141): Smarty_Template_Compiled->compileTemplateSource()
#10 /var/www/html/ardis/app/ThirdParty/smarty/sysplugins/smarty_template_compiled.php(105): Smarty_Template_Compiled->process()
#11 /var/www/html/ardis/app/ThirdParty/smarty/sysplugins/smarty_internal_template.php(216): Smarty_Template_Compiled->render()
#12 /var/www/html/ardis/app/ThirdParty/smarty/sysplugins/smarty_internal_templatebase.php(238): Smarty_Internal_Template->render()
#13 /var/www/html/ardis/app/ThirdParty/smarty/sysplugins/smarty_internal_templatebase.php(134): Smarty_Internal_TemplateBase->_execute()
#14 /var/www/html/ardis/app/Controllers/Pages.php(22): Smarty_Internal_TemplateBase->display()
#15 /var/www/html/ardis/system/CodeIgniter.php(825): App\Controllers\Pages->page()
#16 /var/www/html/ardis/system/CodeIgniter.php(412): CodeIgniter\CodeIgniter->runController()
#17 /var/www/html/ardis/system/CodeIgniter.php(320): CodeIgniter\CodeIgniter->handleRequest()
#18 /var/www/html/ardis/public/index.php(37): CodeIgniter\CodeIgniter->run()
#19 {main}
CRITICAL - 2022-02-13 11:14:08 --> Syntax error in template "file:/var/www/html/ardis/app/Views/mdpoublier.tpl"  on line 19 "{{literal}" unknown tag 'literal'
#0 /var/www/html/ardis/app/ThirdParty/smarty/sysplugins/smarty_internal_templatecompilerbase.php(1741): Smarty_Internal_TemplateCompilerBase->trigger_template_error()
#1 /var/www/html/ardis/app/ThirdParty/smarty/sysplugins/smarty_internal_templatecompilerbase.php(553): Smarty_Internal_TemplateCompilerBase->compileTag2()
#2 /var/www/html/ardis/app/ThirdParty/smarty/sysplugins/smarty_internal_templateparser.php(2104): Smarty_Internal_TemplateCompilerBase->compileTag()
#3 /var/www/html/ardis/app/ThirdParty/smarty/sysplugins/smarty_internal_templateparser.php(2777): Smarty_Internal_Templateparser->yy_r12()
#4 /var/www/html/ardis/app/ThirdParty/smarty/sysplugins/smarty_internal_templateparser.php(2872): Smarty_Internal_Templateparser->yy_reduce()
#5 /var/www/html/ardis/app/ThirdParty/smarty/sysplugins/smarty_internal_smartytemplatecompiler.php(128): Smarty_Internal_Templateparser->doParse()
#6 /var/www/html/ardis/app/ThirdParty/smarty/sysplugins/smarty_internal_templatecompilerbase.php(469): Smarty_Internal_SmartyTemplateCompiler->doCompile()
#7 /var/www/html/ardis/app/ThirdParty/smarty/sysplugins/smarty_internal_templatecompilerbase.php(395): Smarty_Internal_TemplateCompilerBase->compileTemplateSource()
#8 /var/www/html/ardis/app/ThirdParty/smarty/sysplugins/smarty_template_compiled.php(184): Smarty_Internal_TemplateCompilerBase->compileTemplate()
#9 /var/www/html/ardis/app/ThirdParty/smarty/sysplugins/smarty_template_compiled.php(141): Smarty_Template_Compiled->compileTemplateSource()
#10 /var/www/html/ardis/app/ThirdParty/smarty/sysplugins/smarty_template_compiled.php(105): Smarty_Template_Compiled->process()
#11 /var/www/html/ardis/app/ThirdParty/smarty/sysplugins/smarty_internal_template.php(216): Smarty_Template_Compiled->render()
#12 /var/www/html/ardis/app/ThirdParty/smarty/sysplugins/smarty_internal_templatebase.php(238): Smarty_Internal_Template->render()
#13 /var/www/html/ardis/app/ThirdParty/smarty/sysplugins/smarty_internal_templatebase.php(134): Smarty_Internal_TemplateBase->_execute()
#14 /var/www/html/ardis/app/Controllers/Pages.php(22): Smarty_Internal_TemplateBase->display()
#15 /var/www/html/ardis/system/CodeIgniter.php(825): App\Controllers\Pages->page()
#16 /var/www/html/ardis/system/CodeIgniter.php(412): CodeIgniter\CodeIgniter->runController()
#17 /var/www/html/ardis/system/CodeIgniter.php(320): CodeIgniter\CodeIgniter->handleRequest()
#18 /var/www/html/ardis/public/index.php(37): CodeIgniter\CodeIgniter->run()
#19 {main}
