CRITICAL - 2022-03-03 05:41:49 --> Undefined index: image
#0 /var/www/html/ardis/writable/cache/templates_c/0bdb119180c49e5a4794ec0c2656bc0c995b2a0f_0.file.result_search.tpl.php(54): CodeIgniter\Debug\Exceptions->errorHandler()
#1 /var/www/html/ardis/app/ThirdParty/smarty/sysplugins/smarty_internal_runtime_inheritance.php(248): Block_16252754186220a97d573be9_69576961->callBlock()
#2 /var/www/html/ardis/app/ThirdParty/smarty/sysplugins/smarty_internal_runtime_inheritance.php(184): Smarty_Internal_Runtime_Inheritance->callBlock()
#3 /var/www/html/ardis/app/ThirdParty/smarty/sysplugins/smarty_internal_runtime_inheritance.php(186): Smarty_Internal_Runtime_Inheritance->process()
#4 /var/www/html/ardis/app/ThirdParty/smarty/sysplugins/smarty_internal_runtime_inheritance.php(156): Smarty_Internal_Runtime_Inheritance->process()
#5 /var/www/html/ardis/writable/cache/templates_c/99521537329930fe353d6a3eadd00d40b5d8ecb7_0.file.layout.tpl.php(32): Smarty_Internal_Runtime_Inheritance->instanceBlock()
#6 /var/www/html/ardis/app/ThirdParty/smarty/sysplugins/smarty_template_resource_base.php(123): content_621e37413c14d9_89003798()
#7 /var/www/html/ardis/app/ThirdParty/smarty/sysplugins/smarty_template_compiled.php(114): Smarty_Template_Resource_Base->getRenderedTemplateCode()
#8 /var/www/html/ardis/app/ThirdParty/smarty/sysplugins/smarty_internal_template.php(216): Smarty_Template_Compiled->render()
#9 /var/www/html/ardis/app/ThirdParty/smarty/sysplugins/smarty_internal_template.php(385): Smarty_Internal_Template->render()
#10 /var/www/html/ardis/app/ThirdParty/smarty/sysplugins/smarty_internal_runtime_inheritance.php(116): Smarty_Internal_Template->_subTemplateRender()
#11 /var/www/html/ardis/writable/cache/templates_c/0bdb119180c49e5a4794ec0c2656bc0c995b2a0f_0.file.result_search.tpl.php(30): Smarty_Internal_Runtime_Inheritance->endChild()
#12 /var/www/html/ardis/app/ThirdParty/smarty/sysplugins/smarty_template_resource_base.php(123): content_6220a97d581f27_82497292()
#13 /var/www/html/ardis/app/ThirdParty/smarty/sysplugins/smarty_template_compiled.php(114): Smarty_Template_Resource_Base->getRenderedTemplateCode()
#14 /var/www/html/ardis/app/ThirdParty/smarty/sysplugins/smarty_internal_template.php(216): Smarty_Template_Compiled->render()
#15 /var/www/html/ardis/app/ThirdParty/smarty/sysplugins/smarty_internal_templatebase.php(238): Smarty_Internal_Template->render()
#16 /var/www/html/ardis/app/ThirdParty/smarty/sysplugins/smarty_internal_templatebase.php(134): Smarty_Internal_TemplateBase->_execute()
#17 /var/www/html/ardis/app/Controllers/BaseController.php(73): Smarty_Internal_TemplateBase->display()
#18 /var/www/html/ardis/app/Controllers/Pages.php(77): App\Controllers\BaseController->display()
#19 /var/www/html/ardis/system/CodeIgniter.php(825): App\Controllers\Pages->search()
#20 /var/www/html/ardis/system/CodeIgniter.php(412): CodeIgniter\CodeIgniter->runController()
#21 /var/www/html/ardis/system/CodeIgniter.php(320): CodeIgniter\CodeIgniter->handleRequest()
#22 /var/www/html/ardis/public/index.php(37): CodeIgniter\CodeIgniter->run()
#23 {main}
CRITICAL - 2022-03-03 05:42:49 --> Undefined index: image
#0 /var/www/html/ardis/writable/cache/templates_c/0bdb119180c49e5a4794ec0c2656bc0c995b2a0f_0.file.result_search.tpl.php(54): CodeIgniter\Debug\Exceptions->errorHandler()
#1 /var/www/html/ardis/app/ThirdParty/smarty/sysplugins/smarty_internal_runtime_inheritance.php(248): Block_586351956220a9b993f099_22778827->callBlock()
#2 /var/www/html/ardis/app/ThirdParty/smarty/sysplugins/smarty_internal_runtime_inheritance.php(184): Smarty_Internal_Runtime_Inheritance->callBlock()
#3 /var/www/html/ardis/app/ThirdParty/smarty/sysplugins/smarty_internal_runtime_inheritance.php(186): Smarty_Internal_Runtime_Inheritance->process()
#4 /var/www/html/ardis/app/ThirdParty/smarty/sysplugins/smarty_internal_runtime_inheritance.php(156): Smarty_Internal_Runtime_Inheritance->process()
#5 /var/www/html/ardis/writable/cache/templates_c/99521537329930fe353d6a3eadd00d40b5d8ecb7_0.file.layout.tpl.php(32): Smarty_Internal_Runtime_Inheritance->instanceBlock()
#6 /var/www/html/ardis/app/ThirdParty/smarty/sysplugins/smarty_template_resource_base.php(123): content_621e37413c14d9_89003798()
#7 /var/www/html/ardis/app/ThirdParty/smarty/sysplugins/smarty_template_compiled.php(114): Smarty_Template_Resource_Base->getRenderedTemplateCode()
#8 /var/www/html/ardis/app/ThirdParty/smarty/sysplugins/smarty_internal_template.php(216): Smarty_Template_Compiled->render()
#9 /var/www/html/ardis/app/ThirdParty/smarty/sysplugins/smarty_internal_template.php(385): Smarty_Internal_Template->render()
#10 /var/www/html/ardis/app/ThirdParty/smarty/sysplugins/smarty_internal_runtime_inheritance.php(116): Smarty_Internal_Template->_subTemplateRender()
#11 /var/www/html/ardis/writable/cache/templates_c/0bdb119180c49e5a4794ec0c2656bc0c995b2a0f_0.file.result_search.tpl.php(30): Smarty_Internal_Runtime_Inheritance->endChild()
#12 /var/www/html/ardis/app/ThirdParty/smarty/sysplugins/smarty_template_resource_base.php(123): content_6220a9b99504c6_39916888()
#13 /var/www/html/ardis/app/ThirdParty/smarty/sysplugins/smarty_template_compiled.php(114): Smarty_Template_Resource_Base->getRenderedTemplateCode()
#14 /var/www/html/ardis/app/ThirdParty/smarty/sysplugins/smarty_internal_template.php(216): Smarty_Template_Compiled->render()
#15 /var/www/html/ardis/app/ThirdParty/smarty/sysplugins/smarty_internal_templatebase.php(238): Smarty_Internal_Template->render()
#16 /var/www/html/ardis/app/ThirdParty/smarty/sysplugins/smarty_internal_templatebase.php(134): Smarty_Internal_TemplateBase->_execute()
#17 /var/www/html/ardis/app/Controllers/BaseController.php(73): Smarty_Internal_TemplateBase->display()
#18 /var/www/html/ardis/app/Controllers/Pages.php(77): App\Controllers\BaseController->display()
#19 /var/www/html/ardis/system/CodeIgniter.php(825): App\Controllers\Pages->search()
#20 /var/www/html/ardis/system/CodeIgniter.php(412): CodeIgniter\CodeIgniter->runController()
#21 /var/www/html/ardis/system/CodeIgniter.php(320): CodeIgniter\CodeIgniter->handleRequest()
#22 /var/www/html/ardis/public/index.php(37): CodeIgniter\CodeIgniter->run()
#23 {main}
CRITICAL - 2022-03-03 05:43:06 --> Trying to get property 'image' of non-object
#0 /var/www/html/ardis/writable/cache/templates_c/0bdb119180c49e5a4794ec0c2656bc0c995b2a0f_0.file.result_search.tpl.php(54): CodeIgniter\Debug\Exceptions->errorHandler()
#1 /var/www/html/ardis/app/ThirdParty/smarty/sysplugins/smarty_internal_runtime_inheritance.php(248): Block_16369412966220a9caba14e4_87992642->callBlock()
#2 /var/www/html/ardis/app/ThirdParty/smarty/sysplugins/smarty_internal_runtime_inheritance.php(184): Smarty_Internal_Runtime_Inheritance->callBlock()
#3 /var/www/html/ardis/app/ThirdParty/smarty/sysplugins/smarty_internal_runtime_inheritance.php(186): Smarty_Internal_Runtime_Inheritance->process()
#4 /var/www/html/ardis/app/ThirdParty/smarty/sysplugins/smarty_internal_runtime_inheritance.php(156): Smarty_Internal_Runtime_Inheritance->process()
#5 /var/www/html/ardis/writable/cache/templates_c/99521537329930fe353d6a3eadd00d40b5d8ecb7_0.file.layout.tpl.php(32): Smarty_Internal_Runtime_Inheritance->instanceBlock()
#6 /var/www/html/ardis/app/ThirdParty/smarty/sysplugins/smarty_template_resource_base.php(123): content_621e37413c14d9_89003798()
#7 /var/www/html/ardis/app/ThirdParty/smarty/sysplugins/smarty_template_compiled.php(114): Smarty_Template_Resource_Base->getRenderedTemplateCode()
#8 /var/www/html/ardis/app/ThirdParty/smarty/sysplugins/smarty_internal_template.php(216): Smarty_Template_Compiled->render()
#9 /var/www/html/ardis/app/ThirdParty/smarty/sysplugins/smarty_internal_template.php(385): Smarty_Internal_Template->render()
#10 /var/www/html/ardis/app/ThirdParty/smarty/sysplugins/smarty_internal_runtime_inheritance.php(116): Smarty_Internal_Template->_subTemplateRender()
#11 /var/www/html/ardis/writable/cache/templates_c/0bdb119180c49e5a4794ec0c2656bc0c995b2a0f_0.file.result_search.tpl.php(30): Smarty_Internal_Runtime_Inheritance->endChild()
#12 /var/www/html/ardis/app/ThirdParty/smarty/sysplugins/smarty_template_resource_base.php(123): content_6220a9cabaa840_03846304()
#13 /var/www/html/ardis/app/ThirdParty/smarty/sysplugins/smarty_template_compiled.php(114): Smarty_Template_Resource_Base->getRenderedTemplateCode()
#14 /var/www/html/ardis/app/ThirdParty/smarty/sysplugins/smarty_internal_template.php(216): Smarty_Template_Compiled->render()
#15 /var/www/html/ardis/app/ThirdParty/smarty/sysplugins/smarty_internal_templatebase.php(238): Smarty_Internal_Template->render()
#16 /var/www/html/ardis/app/ThirdParty/smarty/sysplugins/smarty_internal_templatebase.php(134): Smarty_Internal_TemplateBase->_execute()
#17 /var/www/html/ardis/app/Controllers/BaseController.php(73): Smarty_Internal_TemplateBase->display()
#18 /var/www/html/ardis/app/Controllers/Pages.php(77): App\Controllers\BaseController->display()
#19 /var/www/html/ardis/system/CodeIgniter.php(825): App\Controllers\Pages->search()
#20 /var/www/html/ardis/system/CodeIgniter.php(412): CodeIgniter\CodeIgniter->runController()
#21 /var/www/html/ardis/system/CodeIgniter.php(320): CodeIgniter\CodeIgniter->handleRequest()
#22 /var/www/html/ardis/public/index.php(37): CodeIgniter\CodeIgniter->run()
#23 {main}
CRITICAL - 2022-03-03 05:45:04 --> Array to string conversion
#0 /var/www/html/ardis/writable/cache/templates_c/0bdb119180c49e5a4794ec0c2656bc0c995b2a0f_0.file.result_search.tpl.php(53): CodeIgniter\Debug\Exceptions->errorHandler()
#1 /var/www/html/ardis/app/ThirdParty/smarty/sysplugins/smarty_internal_runtime_inheritance.php(248): Block_4260917986220aa40dd8ff0_14996245->callBlock()
#2 /var/www/html/ardis/app/ThirdParty/smarty/sysplugins/smarty_internal_runtime_inheritance.php(184): Smarty_Internal_Runtime_Inheritance->callBlock()
#3 /var/www/html/ardis/app/ThirdParty/smarty/sysplugins/smarty_internal_runtime_inheritance.php(186): Smarty_Internal_Runtime_Inheritance->process()
#4 /var/www/html/ardis/app/ThirdParty/smarty/sysplugins/smarty_internal_runtime_inheritance.php(156): Smarty_Internal_Runtime_Inheritance->process()
#5 /var/www/html/ardis/writable/cache/templates_c/99521537329930fe353d6a3eadd00d40b5d8ecb7_0.file.layout.tpl.php(32): Smarty_Internal_Runtime_Inheritance->instanceBlock()
#6 /var/www/html/ardis/app/ThirdParty/smarty/sysplugins/smarty_template_resource_base.php(123): content_621e37413c14d9_89003798()
#7 /var/www/html/ardis/app/ThirdParty/smarty/sysplugins/smarty_template_compiled.php(114): Smarty_Template_Resource_Base->getRenderedTemplateCode()
#8 /var/www/html/ardis/app/ThirdParty/smarty/sysplugins/smarty_internal_template.php(216): Smarty_Template_Compiled->render()
#9 /var/www/html/ardis/app/ThirdParty/smarty/sysplugins/smarty_internal_template.php(385): Smarty_Internal_Template->render()
#10 /var/www/html/ardis/app/ThirdParty/smarty/sysplugins/smarty_internal_runtime_inheritance.php(116): Smarty_Internal_Template->_subTemplateRender()
#11 /var/www/html/ardis/writable/cache/templates_c/0bdb119180c49e5a4794ec0c2656bc0c995b2a0f_0.file.result_search.tpl.php(30): Smarty_Internal_Runtime_Inheritance->endChild()
#12 /var/www/html/ardis/app/ThirdParty/smarty/sysplugins/smarty_template_resource_base.php(123): content_6220aa40de2544_18572270()
#13 /var/www/html/ardis/app/ThirdParty/smarty/sysplugins/smarty_template_compiled.php(114): Smarty_Template_Resource_Base->getRenderedTemplateCode()
#14 /var/www/html/ardis/app/ThirdParty/smarty/sysplugins/smarty_internal_template.php(216): Smarty_Template_Compiled->render()
#15 /var/www/html/ardis/app/ThirdParty/smarty/sysplugins/smarty_internal_templatebase.php(238): Smarty_Internal_Template->render()
#16 /var/www/html/ardis/app/ThirdParty/smarty/sysplugins/smarty_internal_templatebase.php(134): Smarty_Internal_TemplateBase->_execute()
#17 /var/www/html/ardis/app/Controllers/BaseController.php(73): Smarty_Internal_TemplateBase->display()
#18 /var/www/html/ardis/app/Controllers/Pages.php(77): App\Controllers\BaseController->display()
#19 /var/www/html/ardis/system/CodeIgniter.php(825): App\Controllers\Pages->search()
#20 /var/www/html/ardis/system/CodeIgniter.php(412): CodeIgniter\CodeIgniter->runController()
#21 /var/www/html/ardis/system/CodeIgniter.php(320): CodeIgniter\CodeIgniter->handleRequest()
#22 /var/www/html/ardis/public/index.php(37): CodeIgniter\CodeIgniter->run()
#23 {main}
CRITICAL - 2022-03-03 05:58:16 --> Call to undefined method App\Models\UserManager::verif_sendmail()
#0 /var/www/html/ardis/system/CodeIgniter.php(825): App\Controllers\Hotel->view()
#1 /var/www/html/ardis/system/CodeIgniter.php(412): CodeIgniter\CodeIgniter->runController()
#2 /var/www/html/ardis/system/CodeIgniter.php(320): CodeIgniter\CodeIgniter->handleRequest()
#3 /var/www/html/ardis/public/index.php(37): CodeIgniter\CodeIgniter->run()
#4 {main}
CRITICAL - 2022-03-03 05:59:08 --> Argument 1 passed to App\Models\UserManager::verifSendMail() must be of the type array, object given, called in /var/www/html/ardis/app/Controllers/Hotel.php on line 84
#0 /var/www/html/ardis/app/Controllers/Hotel.php(84): App\Models\UserManager->verifSendMail()
#1 /var/www/html/ardis/system/CodeIgniter.php(825): App\Controllers\Hotel->view()
#2 /var/www/html/ardis/system/CodeIgniter.php(412): CodeIgniter\CodeIgniter->runController()
#3 /var/www/html/ardis/system/CodeIgniter.php(320): CodeIgniter\CodeIgniter->handleRequest()
#4 /var/www/html/ardis/public/index.php(37): CodeIgniter\CodeIgniter->run()
#5 {main}
CRITICAL - 2022-03-03 06:12:31 --> Unable to load template 'file:result_email.tpl'
#0 /var/www/html/ardis/app/ThirdParty/smarty/sysplugins/smarty_internal_templatebase.php(238): Smarty_Internal_Template->render()
#1 /var/www/html/ardis/app/ThirdParty/smarty/sysplugins/smarty_internal_templatebase.php(134): Smarty_Internal_TemplateBase->_execute()
#2 /var/www/html/ardis/app/Controllers/BaseController.php(73): Smarty_Internal_TemplateBase->display()
#3 /var/www/html/ardis/app/Controllers/Hotel.php(116): App\Controllers\BaseController->display()
#4 /var/www/html/ardis/system/CodeIgniter.php(825): App\Controllers\Hotel->sendEmail()
#5 /var/www/html/ardis/system/CodeIgniter.php(412): CodeIgniter\CodeIgniter->runController()
#6 /var/www/html/ardis/system/CodeIgniter.php(320): CodeIgniter\CodeIgniter->handleRequest()
#7 /var/www/html/ardis/public/index.php(37): CodeIgniter\CodeIgniter->run()
#8 {main}
CRITICAL - 2022-03-03 06:20:25 --> Syntax error in template "file:/var/www/html/ardis/app/Views/sampatico.tpl"  on line 43 "<form action="{base_url('hotel/')|cat:'/'}{$name_file|capitalaze}" method="POST">" unknown modifier 'capitalaze'
#0 /var/www/html/ardis/app/ThirdParty/smarty/sysplugins/smarty_internal_compile_private_modifier.php(153): Smarty_Internal_TemplateCompilerBase->trigger_template_error()
#1 /var/www/html/ardis/app/ThirdParty/smarty/sysplugins/smarty_internal_templatecompilerbase.php(752): Smarty_Internal_Compile_Private_Modifier->compile()
#2 /var/www/html/ardis/app/ThirdParty/smarty/sysplugins/smarty_internal_templatecompilerbase.php(1481): Smarty_Internal_TemplateCompilerBase->callTagCompiler()
#3 /var/www/html/ardis/app/ThirdParty/smarty/sysplugins/smarty_internal_templatecompilerbase.php(553): Smarty_Internal_TemplateCompilerBase->compileTag2()
#4 /var/www/html/ardis/app/ThirdParty/smarty/sysplugins/smarty_internal_templateparser.php(2420): Smarty_Internal_TemplateCompilerBase->compileTag()
#5 /var/www/html/ardis/app/ThirdParty/smarty/sysplugins/smarty_internal_templateparser.php(2777): Smarty_Internal_Templateparser->yy_r96()
#6 /var/www/html/ardis/app/ThirdParty/smarty/sysplugins/smarty_internal_templateparser.php(2872): Smarty_Internal_Templateparser->yy_reduce()
#7 /var/www/html/ardis/app/ThirdParty/smarty/sysplugins/smarty_internal_smartytemplatecompiler.php(128): Smarty_Internal_Templateparser->doParse()
#8 /var/www/html/ardis/app/ThirdParty/smarty/sysplugins/smarty_internal_templatecompilerbase.php(469): Smarty_Internal_SmartyTemplateCompiler->doCompile()
#9 /var/www/html/ardis/app/ThirdParty/smarty/sysplugins/smarty_internal_templatecompilerbase.php(395): Smarty_Internal_TemplateCompilerBase->compileTemplateSource()
#10 /var/www/html/ardis/app/ThirdParty/smarty/sysplugins/smarty_template_compiled.php(184): Smarty_Internal_TemplateCompilerBase->compileTemplate()
#11 /var/www/html/ardis/app/ThirdParty/smarty/sysplugins/smarty_template_compiled.php(141): Smarty_Template_Compiled->compileTemplateSource()
#12 /var/www/html/ardis/app/ThirdParty/smarty/sysplugins/smarty_template_compiled.php(105): Smarty_Template_Compiled->process()
#13 /var/www/html/ardis/app/ThirdParty/smarty/sysplugins/smarty_internal_template.php(216): Smarty_Template_Compiled->render()
#14 /var/www/html/ardis/app/ThirdParty/smarty/sysplugins/smarty_internal_templatebase.php(238): Smarty_Internal_Template->render()
#15 /var/www/html/ardis/app/ThirdParty/smarty/sysplugins/smarty_internal_templatebase.php(134): Smarty_Internal_TemplateBase->_execute()
#16 /var/www/html/ardis/app/Controllers/BaseController.php(73): Smarty_Internal_TemplateBase->display()
#17 /var/www/html/ardis/app/Controllers/Hotel.php(101): App\Controllers\BaseController->display()
#18 /var/www/html/ardis/system/CodeIgniter.php(825): App\Controllers\Hotel->view()
#19 /var/www/html/ardis/system/CodeIgniter.php(412): CodeIgniter\CodeIgniter->runController()
#20 /var/www/html/ardis/system/CodeIgniter.php(320): CodeIgniter\CodeIgniter->handleRequest()
#21 /var/www/html/ardis/public/index.php(37): CodeIgniter\CodeIgniter->run()
#22 {main}
CRITICAL - 2022-03-03 06:23:36 --> Syntax error in template "file:/var/www/html/ardis/app/Views/sampatico.tpl"  on line 43 "<form action="{redirect()->to(site_url())}" method="POST">"  - Unexpected "->", expected one of: "}"
#0 /var/www/html/ardis/app/ThirdParty/smarty/sysplugins/smarty_internal_templateparser.php(2819): Smarty_Internal_TemplateCompilerBase->trigger_template_error()
#1 /var/www/html/ardis/app/ThirdParty/smarty/sysplugins/smarty_internal_templateparser.php(2880): Smarty_Internal_Templateparser->yy_syntax_error()
#2 /var/www/html/ardis/app/ThirdParty/smarty/sysplugins/smarty_internal_smartytemplatecompiler.php(128): Smarty_Internal_Templateparser->doParse()
#3 /var/www/html/ardis/app/ThirdParty/smarty/sysplugins/smarty_internal_templatecompilerbase.php(469): Smarty_Internal_SmartyTemplateCompiler->doCompile()
#4 /var/www/html/ardis/app/ThirdParty/smarty/sysplugins/smarty_internal_templatecompilerbase.php(395): Smarty_Internal_TemplateCompilerBase->compileTemplateSource()
#5 /var/www/html/ardis/app/ThirdParty/smarty/sysplugins/smarty_template_compiled.php(184): Smarty_Internal_TemplateCompilerBase->compileTemplate()
#6 /var/www/html/ardis/app/ThirdParty/smarty/sysplugins/smarty_template_compiled.php(141): Smarty_Template_Compiled->compileTemplateSource()
#7 /var/www/html/ardis/app/ThirdParty/smarty/sysplugins/smarty_template_compiled.php(105): Smarty_Template_Compiled->process()
#8 /var/www/html/ardis/app/ThirdParty/smarty/sysplugins/smarty_internal_template.php(216): Smarty_Template_Compiled->render()
#9 /var/www/html/ardis/app/ThirdParty/smarty/sysplugins/smarty_internal_templatebase.php(238): Smarty_Internal_Template->render()
#10 /var/www/html/ardis/app/ThirdParty/smarty/sysplugins/smarty_internal_templatebase.php(134): Smarty_Internal_TemplateBase->_execute()
#11 /var/www/html/ardis/app/Controllers/BaseController.php(73): Smarty_Internal_TemplateBase->display()
#12 /var/www/html/ardis/app/Controllers/Hotel.php(101): App\Controllers\BaseController->display()
#13 /var/www/html/ardis/system/CodeIgniter.php(825): App\Controllers\Hotel->view()
#14 /var/www/html/ardis/system/CodeIgniter.php(412): CodeIgniter\CodeIgniter->runController()
#15 /var/www/html/ardis/system/CodeIgniter.php(320): CodeIgniter\CodeIgniter->handleRequest()
#16 /var/www/html/ardis/public/index.php(37): CodeIgniter\CodeIgniter->run()
#17 {main}
CRITICAL - 2022-03-03 06:23:58 --> Object of class CodeIgniter\HTTP\RedirectResponse could not be converted to string
#0 /var/www/html/ardis/app/ThirdParty/smarty/sysplugins/smarty_internal_runtime_inheritance.php(248): Block_7592227476220b35e475781_34299593->callBlock()
#1 /var/www/html/ardis/app/ThirdParty/smarty/sysplugins/smarty_internal_runtime_inheritance.php(184): Smarty_Internal_Runtime_Inheritance->callBlock()
#2 /var/www/html/ardis/app/ThirdParty/smarty/sysplugins/smarty_internal_runtime_inheritance.php(186): Smarty_Internal_Runtime_Inheritance->process()
#3 /var/www/html/ardis/app/ThirdParty/smarty/sysplugins/smarty_internal_runtime_inheritance.php(156): Smarty_Internal_Runtime_Inheritance->process()
#4 /var/www/html/ardis/writable/cache/templates_c/99521537329930fe353d6a3eadd00d40b5d8ecb7_0.file.layout.tpl.php(32): Smarty_Internal_Runtime_Inheritance->instanceBlock()
#5 /var/www/html/ardis/app/ThirdParty/smarty/sysplugins/smarty_template_resource_base.php(123): content_621e37413c14d9_89003798()
#6 /var/www/html/ardis/app/ThirdParty/smarty/sysplugins/smarty_template_compiled.php(114): Smarty_Template_Resource_Base->getRenderedTemplateCode()
#7 /var/www/html/ardis/app/ThirdParty/smarty/sysplugins/smarty_internal_template.php(216): Smarty_Template_Compiled->render()
#8 /var/www/html/ardis/app/ThirdParty/smarty/sysplugins/smarty_internal_template.php(385): Smarty_Internal_Template->render()
#9 /var/www/html/ardis/app/ThirdParty/smarty/sysplugins/smarty_internal_runtime_inheritance.php(116): Smarty_Internal_Template->_subTemplateRender()
#10 /var/www/html/ardis/writable/cache/templates_c/90c8b098e3265ac344c7cf8a5504e0b9ffed24e4_0.file.sampatico.tpl.php(30): Smarty_Internal_Runtime_Inheritance->endChild()
#11 /var/www/html/ardis/app/ThirdParty/smarty/sysplugins/smarty_template_resource_base.php(123): content_6220b35e47a499_98148286()
#12 /var/www/html/ardis/app/ThirdParty/smarty/sysplugins/smarty_template_compiled.php(114): Smarty_Template_Resource_Base->getRenderedTemplateCode()
#13 /var/www/html/ardis/app/ThirdParty/smarty/sysplugins/smarty_internal_template.php(216): Smarty_Template_Compiled->render()
#14 /var/www/html/ardis/app/ThirdParty/smarty/sysplugins/smarty_internal_templatebase.php(238): Smarty_Internal_Template->render()
#15 /var/www/html/ardis/app/ThirdParty/smarty/sysplugins/smarty_internal_templatebase.php(134): Smarty_Internal_TemplateBase->_execute()
#16 /var/www/html/ardis/app/Controllers/BaseController.php(73): Smarty_Internal_TemplateBase->display()
#17 /var/www/html/ardis/app/Controllers/Hotel.php(101): App\Controllers\BaseController->display()
#18 /var/www/html/ardis/system/CodeIgniter.php(825): App\Controllers\Hotel->view()
#19 /var/www/html/ardis/system/CodeIgniter.php(412): CodeIgniter\CodeIgniter->runController()
#20 /var/www/html/ardis/system/CodeIgniter.php(320): CodeIgniter\CodeIgniter->handleRequest()
#21 /var/www/html/ardis/public/index.php(37): CodeIgniter\CodeIgniter->run()
#22 {main}
CRITICAL - 2022-03-03 06:23:58 --> Object of class CodeIgniter\HTTP\RedirectResponse could not be converted to string
#0 /var/www/html/ardis/app/ThirdParty/smarty/sysplugins/smarty_internal_runtime_inheritance.php(248): Block_7592227476220b35e475781_34299593->callBlock()
#1 /var/www/html/ardis/app/ThirdParty/smarty/sysplugins/smarty_internal_runtime_inheritance.php(184): Smarty_Internal_Runtime_Inheritance->callBlock()
#2 /var/www/html/ardis/app/ThirdParty/smarty/sysplugins/smarty_internal_runtime_inheritance.php(186): Smarty_Internal_Runtime_Inheritance->process()
#3 /var/www/html/ardis/app/ThirdParty/smarty/sysplugins/smarty_internal_runtime_inheritance.php(156): Smarty_Internal_Runtime_Inheritance->process()
#4 /var/www/html/ardis/writable/cache/templates_c/99521537329930fe353d6a3eadd00d40b5d8ecb7_0.file.layout.tpl.php(32): Smarty_Internal_Runtime_Inheritance->instanceBlock()
#5 /var/www/html/ardis/app/ThirdParty/smarty/sysplugins/smarty_template_resource_base.php(123): content_621e37413c14d9_89003798()
#6 /var/www/html/ardis/app/ThirdParty/smarty/sysplugins/smarty_template_compiled.php(114): Smarty_Template_Resource_Base->getRenderedTemplateCode()
#7 /var/www/html/ardis/app/ThirdParty/smarty/sysplugins/smarty_internal_template.php(216): Smarty_Template_Compiled->render()
#8 /var/www/html/ardis/app/ThirdParty/smarty/sysplugins/smarty_internal_template.php(385): Smarty_Internal_Template->render()
#9 /var/www/html/ardis/app/ThirdParty/smarty/sysplugins/smarty_internal_runtime_inheritance.php(116): Smarty_Internal_Template->_subTemplateRender()
#10 /var/www/html/ardis/writable/cache/templates_c/90c8b098e3265ac344c7cf8a5504e0b9ffed24e4_0.file.sampatico.tpl.php(30): Smarty_Internal_Runtime_Inheritance->endChild()
#11 /var/www/html/ardis/app/ThirdParty/smarty/sysplugins/smarty_template_resource_base.php(123): content_6220b35e47a499_98148286()
#12 /var/www/html/ardis/app/ThirdParty/smarty/sysplugins/smarty_template_compiled.php(114): Smarty_Template_Resource_Base->getRenderedTemplateCode()
#13 /var/www/html/ardis/app/ThirdParty/smarty/sysplugins/smarty_internal_template.php(216): Smarty_Template_Compiled->render()
#14 /var/www/html/ardis/app/ThirdParty/smarty/sysplugins/smarty_internal_templatebase.php(238): Smarty_Internal_Template->render()
#15 /var/www/html/ardis/app/ThirdParty/smarty/sysplugins/smarty_internal_templatebase.php(134): Smarty_Internal_TemplateBase->_execute()
#16 /var/www/html/ardis/app/Controllers/BaseController.php(73): Smarty_Internal_TemplateBase->display()
#17 /var/www/html/ardis/app/Controllers/Hotel.php(101): App\Controllers\BaseController->display()
#18 /var/www/html/ardis/system/CodeIgniter.php(825): App\Controllers\Hotel->view()
#19 /var/www/html/ardis/system/CodeIgniter.php(412): CodeIgniter\CodeIgniter->runController()
#20 /var/www/html/ardis/system/CodeIgniter.php(320): CodeIgniter\CodeIgniter->handleRequest()
#21 /var/www/html/ardis/public/index.php(37): CodeIgniter\CodeIgniter->run()
#22 {main}
CRITICAL - 2022-03-03 06:23:59 --> Object of class CodeIgniter\HTTP\RedirectResponse could not be converted to string
#0 /var/www/html/ardis/app/ThirdParty/smarty/sysplugins/smarty_internal_runtime_inheritance.php(248): Block_7592227476220b35e475781_34299593->callBlock()
#1 /var/www/html/ardis/app/ThirdParty/smarty/sysplugins/smarty_internal_runtime_inheritance.php(184): Smarty_Internal_Runtime_Inheritance->callBlock()
#2 /var/www/html/ardis/app/ThirdParty/smarty/sysplugins/smarty_internal_runtime_inheritance.php(186): Smarty_Internal_Runtime_Inheritance->process()
#3 /var/www/html/ardis/app/ThirdParty/smarty/sysplugins/smarty_internal_runtime_inheritance.php(156): Smarty_Internal_Runtime_Inheritance->process()
#4 /var/www/html/ardis/writable/cache/templates_c/99521537329930fe353d6a3eadd00d40b5d8ecb7_0.file.layout.tpl.php(32): Smarty_Internal_Runtime_Inheritance->instanceBlock()
#5 /var/www/html/ardis/app/ThirdParty/smarty/sysplugins/smarty_template_resource_base.php(123): content_621e37413c14d9_89003798()
#6 /var/www/html/ardis/app/ThirdParty/smarty/sysplugins/smarty_template_compiled.php(114): Smarty_Template_Resource_Base->getRenderedTemplateCode()
#7 /var/www/html/ardis/app/ThirdParty/smarty/sysplugins/smarty_internal_template.php(216): Smarty_Template_Compiled->render()
#8 /var/www/html/ardis/app/ThirdParty/smarty/sysplugins/smarty_internal_template.php(385): Smarty_Internal_Template->render()
#9 /var/www/html/ardis/app/ThirdParty/smarty/sysplugins/smarty_internal_runtime_inheritance.php(116): Smarty_Internal_Template->_subTemplateRender()
#10 /var/www/html/ardis/writable/cache/templates_c/90c8b098e3265ac344c7cf8a5504e0b9ffed24e4_0.file.sampatico.tpl.php(30): Smarty_Internal_Runtime_Inheritance->endChild()
#11 /var/www/html/ardis/app/ThirdParty/smarty/sysplugins/smarty_template_resource_base.php(123): content_6220b35e47a499_98148286()
#12 /var/www/html/ardis/app/ThirdParty/smarty/sysplugins/smarty_template_compiled.php(114): Smarty_Template_Resource_Base->getRenderedTemplateCode()
#13 /var/www/html/ardis/app/ThirdParty/smarty/sysplugins/smarty_internal_template.php(216): Smarty_Template_Compiled->render()
#14 /var/www/html/ardis/app/ThirdParty/smarty/sysplugins/smarty_internal_templatebase.php(238): Smarty_Internal_Template->render()
#15 /var/www/html/ardis/app/ThirdParty/smarty/sysplugins/smarty_internal_templatebase.php(134): Smarty_Internal_TemplateBase->_execute()
#16 /var/www/html/ardis/app/Controllers/BaseController.php(73): Smarty_Internal_TemplateBase->display()
#17 /var/www/html/ardis/app/Controllers/Hotel.php(101): App\Controllers\BaseController->display()
#18 /var/www/html/ardis/system/CodeIgniter.php(825): App\Controllers\Hotel->view()
#19 /var/www/html/ardis/system/CodeIgniter.php(412): CodeIgniter\CodeIgniter->runController()
#20 /var/www/html/ardis/system/CodeIgniter.php(320): CodeIgniter\CodeIgniter->handleRequest()
#21 /var/www/html/ardis/public/index.php(37): CodeIgniter\CodeIgniter->run()
#22 {main}
CRITICAL - 2022-03-03 06:23:59 --> Object of class CodeIgniter\HTTP\RedirectResponse could not be converted to string
#0 /var/www/html/ardis/app/ThirdParty/smarty/sysplugins/smarty_internal_runtime_inheritance.php(248): Block_7592227476220b35e475781_34299593->callBlock()
#1 /var/www/html/ardis/app/ThirdParty/smarty/sysplugins/smarty_internal_runtime_inheritance.php(184): Smarty_Internal_Runtime_Inheritance->callBlock()
#2 /var/www/html/ardis/app/ThirdParty/smarty/sysplugins/smarty_internal_runtime_inheritance.php(186): Smarty_Internal_Runtime_Inheritance->process()
#3 /var/www/html/ardis/app/ThirdParty/smarty/sysplugins/smarty_internal_runtime_inheritance.php(156): Smarty_Internal_Runtime_Inheritance->process()
#4 /var/www/html/ardis/writable/cache/templates_c/99521537329930fe353d6a3eadd00d40b5d8ecb7_0.file.layout.tpl.php(32): Smarty_Internal_Runtime_Inheritance->instanceBlock()
#5 /var/www/html/ardis/app/ThirdParty/smarty/sysplugins/smarty_template_resource_base.php(123): content_621e37413c14d9_89003798()
#6 /var/www/html/ardis/app/ThirdParty/smarty/sysplugins/smarty_template_compiled.php(114): Smarty_Template_Resource_Base->getRenderedTemplateCode()
#7 /var/www/html/ardis/app/ThirdParty/smarty/sysplugins/smarty_internal_template.php(216): Smarty_Template_Compiled->render()
#8 /var/www/html/ardis/app/ThirdParty/smarty/sysplugins/smarty_internal_template.php(385): Smarty_Internal_Template->render()
#9 /var/www/html/ardis/app/ThirdParty/smarty/sysplugins/smarty_internal_runtime_inheritance.php(116): Smarty_Internal_Template->_subTemplateRender()
#10 /var/www/html/ardis/writable/cache/templates_c/90c8b098e3265ac344c7cf8a5504e0b9ffed24e4_0.file.sampatico.tpl.php(30): Smarty_Internal_Runtime_Inheritance->endChild()
#11 /var/www/html/ardis/app/ThirdParty/smarty/sysplugins/smarty_template_resource_base.php(123): content_6220b35e47a499_98148286()
#12 /var/www/html/ardis/app/ThirdParty/smarty/sysplugins/smarty_template_compiled.php(114): Smarty_Template_Resource_Base->getRenderedTemplateCode()
#13 /var/www/html/ardis/app/ThirdParty/smarty/sysplugins/smarty_internal_template.php(216): Smarty_Template_Compiled->render()
#14 /var/www/html/ardis/app/ThirdParty/smarty/sysplugins/smarty_internal_templatebase.php(238): Smarty_Internal_Template->render()
#15 /var/www/html/ardis/app/ThirdParty/smarty/sysplugins/smarty_internal_templatebase.php(134): Smarty_Internal_TemplateBase->_execute()
#16 /var/www/html/ardis/app/Controllers/BaseController.php(73): Smarty_Internal_TemplateBase->display()
#17 /var/www/html/ardis/app/Controllers/Hotel.php(101): App\Controllers\BaseController->display()
#18 /var/www/html/ardis/system/CodeIgniter.php(825): App\Controllers\Hotel->view()
#19 /var/www/html/ardis/system/CodeIgniter.php(412): CodeIgniter\CodeIgniter->runController()
#20 /var/www/html/ardis/system/CodeIgniter.php(320): CodeIgniter\CodeIgniter->handleRequest()
#21 /var/www/html/ardis/public/index.php(37): CodeIgniter\CodeIgniter->run()
#22 {main}
CRITICAL - 2022-03-03 06:29:15 --> Undefined offset: 0
#0 /var/www/html/ardis/app/Controllers/Hotel.php(58): CodeIgniter\Debug\Exceptions->errorHandler()
#1 /var/www/html/ardis/system/CodeIgniter.php(825): App\Controllers\Hotel->view()
#2 /var/www/html/ardis/system/CodeIgniter.php(412): CodeIgniter\CodeIgniter->runController()
#3 /var/www/html/ardis/system/CodeIgniter.php(320): CodeIgniter\CodeIgniter->handleRequest()
#4 /var/www/html/ardis/public/index.php(37): CodeIgniter\CodeIgniter->run()
#5 {main}
CRITICAL - 2022-03-03 06:29:32 --> Undefined offset: 0
#0 /var/www/html/ardis/app/Controllers/Hotel.php(58): CodeIgniter\Debug\Exceptions->errorHandler()
#1 /var/www/html/ardis/system/CodeIgniter.php(825): App\Controllers\Hotel->view()
#2 /var/www/html/ardis/system/CodeIgniter.php(412): CodeIgniter\CodeIgniter->runController()
#3 /var/www/html/ardis/system/CodeIgniter.php(320): CodeIgniter\CodeIgniter->handleRequest()
#4 /var/www/html/ardis/public/index.php(37): CodeIgniter\CodeIgniter->run()
#5 {main}
CRITICAL - 2022-03-03 06:30:50 --> Undefined variable: page
#0 /var/www/html/ardis/app/Controllers/Hotel.php(87): CodeIgniter\Debug\Exceptions->errorHandler()
#1 /var/www/html/ardis/system/CodeIgniter.php(825): App\Controllers\Hotel->sendMail()
#2 /var/www/html/ardis/system/CodeIgniter.php(412): CodeIgniter\CodeIgniter->runController()
#3 /var/www/html/ardis/system/CodeIgniter.php(320): CodeIgniter\CodeIgniter->handleRequest()
#4 /var/www/html/ardis/public/index.php(37): CodeIgniter\CodeIgniter->run()
#5 {main}
CRITICAL - 2022-03-03 06:32:36 --> Undefined offset: 0
#0 /var/www/html/ardis/app/Controllers/Hotel.php(58): CodeIgniter\Debug\Exceptions->errorHandler()
#1 /var/www/html/ardis/system/CodeIgniter.php(825): App\Controllers\Hotel->view()
#2 /var/www/html/ardis/system/CodeIgniter.php(412): CodeIgniter\CodeIgniter->runController()
#3 /var/www/html/ardis/system/CodeIgniter.php(320): CodeIgniter\CodeIgniter->handleRequest()
#4 /var/www/html/ardis/public/index.php(37): CodeIgniter\CodeIgniter->run()
#5 {main}
CRITICAL - 2022-03-03 06:33:39 --> Undefined offset: 0
#0 /var/www/html/ardis/app/Controllers/Hotel.php(58): CodeIgniter\Debug\Exceptions->errorHandler()
#1 /var/www/html/ardis/system/CodeIgniter.php(825): App\Controllers\Hotel->view()
#2 /var/www/html/ardis/system/CodeIgniter.php(412): CodeIgniter\CodeIgniter->runController()
#3 /var/www/html/ardis/system/CodeIgniter.php(320): CodeIgniter\CodeIgniter->handleRequest()
#4 /var/www/html/ardis/public/index.php(37): CodeIgniter\CodeIgniter->run()
#5 {main}
CRITICAL - 2022-03-03 06:33:40 --> Undefined offset: 0
#0 /var/www/html/ardis/app/Controllers/Hotel.php(58): CodeIgniter\Debug\Exceptions->errorHandler()
#1 /var/www/html/ardis/system/CodeIgniter.php(825): App\Controllers\Hotel->view()
#2 /var/www/html/ardis/system/CodeIgniter.php(412): CodeIgniter\CodeIgniter->runController()
#3 /var/www/html/ardis/system/CodeIgniter.php(320): CodeIgniter\CodeIgniter->handleRequest()
#4 /var/www/html/ardis/public/index.php(37): CodeIgniter\CodeIgniter->run()
#5 {main}
CRITICAL - 2022-03-03 06:33:46 --> Syntax error in template "file:/var/www/html/ardis/app/Views/result_email.tpl"  on line 4 "<form method="post" action="{base_rul('email/hotel/')}">" unknown function 'base_rul'
#0 /var/www/html/ardis/app/ThirdParty/smarty/sysplugins/smarty_internal_templatecompilerbase.php(649): Smarty_Internal_TemplateCompilerBase->trigger_template_error()
#1 /var/www/html/ardis/app/ThirdParty/smarty/sysplugins/smarty_internal_templateparser.php(2601): Smarty_Internal_TemplateCompilerBase->compilePHPFunctionCall()
#2 /var/www/html/ardis/app/ThirdParty/smarty/sysplugins/smarty_internal_templateparser.php(2777): Smarty_Internal_Templateparser->yy_r143()
#3 /var/www/html/ardis/app/ThirdParty/smarty/sysplugins/smarty_internal_templateparser.php(2872): Smarty_Internal_Templateparser->yy_reduce()
#4 /var/www/html/ardis/app/ThirdParty/smarty/sysplugins/smarty_internal_smartytemplatecompiler.php(128): Smarty_Internal_Templateparser->doParse()
#5 /var/www/html/ardis/app/ThirdParty/smarty/sysplugins/smarty_internal_templatecompilerbase.php(469): Smarty_Internal_SmartyTemplateCompiler->doCompile()
#6 /var/www/html/ardis/app/ThirdParty/smarty/sysplugins/smarty_internal_templatecompilerbase.php(395): Smarty_Internal_TemplateCompilerBase->compileTemplateSource()
#7 /var/www/html/ardis/app/ThirdParty/smarty/sysplugins/smarty_template_compiled.php(184): Smarty_Internal_TemplateCompilerBase->compileTemplate()
#8 /var/www/html/ardis/app/ThirdParty/smarty/sysplugins/smarty_template_compiled.php(141): Smarty_Template_Compiled->compileTemplateSource()
#9 /var/www/html/ardis/app/ThirdParty/smarty/sysplugins/smarty_template_compiled.php(105): Smarty_Template_Compiled->process()
#10 /var/www/html/ardis/app/ThirdParty/smarty/sysplugins/smarty_internal_template.php(216): Smarty_Template_Compiled->render()
#11 /var/www/html/ardis/app/ThirdParty/smarty/sysplugins/smarty_internal_templatebase.php(238): Smarty_Internal_Template->render()
#12 /var/www/html/ardis/app/ThirdParty/smarty/sysplugins/smarty_internal_templatebase.php(134): Smarty_Internal_TemplateBase->_execute()
#13 /var/www/html/ardis/app/Controllers/BaseController.php(73): Smarty_Internal_TemplateBase->display()
#14 /var/www/html/ardis/app/Controllers/Hotel.php(105): App\Controllers\BaseController->display()
#15 /var/www/html/ardis/system/CodeIgniter.php(825): App\Controllers\Hotel->sendMail()
#16 /var/www/html/ardis/system/CodeIgniter.php(412): CodeIgniter\CodeIgniter->runController()
#17 /var/www/html/ardis/system/CodeIgniter.php(320): CodeIgniter\CodeIgniter->handleRequest()
#18 /var/www/html/ardis/public/index.php(37): CodeIgniter\CodeIgniter->run()
#19 {main}
CRITICAL - 2022-03-03 06:37:53 --> Typed property App\Controllers\Hotel::$name must not be accessed before initialization
#0 /var/www/html/ardis/system/CodeIgniter.php(825): App\Controllers\Hotel->sendMail()
#1 /var/www/html/ardis/system/CodeIgniter.php(412): CodeIgniter\CodeIgniter->runController()
#2 /var/www/html/ardis/system/CodeIgniter.php(320): CodeIgniter\CodeIgniter->handleRequest()
#3 /var/www/html/ardis/public/index.php(37): CodeIgniter\CodeIgniter->run()
#4 {main}
CRITICAL - 2022-03-03 06:41:31 --> Undefined property: App\Controllers\Hotel::$requests
#0 /var/www/html/ardis/app/Controllers/Hotel.php(100): CodeIgniter\Debug\Exceptions->errorHandler()
#1 /var/www/html/ardis/system/CodeIgniter.php(825): App\Controllers\Hotel->sendMail()
#2 /var/www/html/ardis/system/CodeIgniter.php(412): CodeIgniter\CodeIgniter->runController()
#3 /var/www/html/ardis/system/CodeIgniter.php(320): CodeIgniter\CodeIgniter->handleRequest()
#4 /var/www/html/ardis/public/index.php(37): CodeIgniter\CodeIgniter->run()
#5 {main}
CRITICAL - 2022-03-03 06:41:52 --> Undefined property: App\Controllers\Hotel::$requests
#0 /var/www/html/ardis/app/Controllers/Hotel.php(100): CodeIgniter\Debug\Exceptions->errorHandler()
#1 /var/www/html/ardis/system/CodeIgniter.php(825): App\Controllers\Hotel->sendMail()
#2 /var/www/html/ardis/system/CodeIgniter.php(412): CodeIgniter\CodeIgniter->runController()
#3 /var/www/html/ardis/system/CodeIgniter.php(320): CodeIgniter\CodeIgniter->handleRequest()
#4 /var/www/html/ardis/public/index.php(37): CodeIgniter\CodeIgniter->run()
#5 {main}
CRITICAL - 2022-03-03 06:49:24 --> Undefined index: object_prefixed
#0 /var/www/html/ardis/writable/cache/templates_c/90c8b098e3265ac344c7cf8a5504e0b9ffed24e4_0.file.sampatico.tpl.php(114): CodeIgniter\Debug\Exceptions->errorHandler()
#1 /var/www/html/ardis/app/ThirdParty/smarty/sysplugins/smarty_internal_runtime_inheritance.php(248): Block_21026965536220b3a8c935d3_30775594->callBlock()
#2 /var/www/html/ardis/app/ThirdParty/smarty/sysplugins/smarty_internal_runtime_inheritance.php(184): Smarty_Internal_Runtime_Inheritance->callBlock()
#3 /var/www/html/ardis/app/ThirdParty/smarty/sysplugins/smarty_internal_runtime_inheritance.php(186): Smarty_Internal_Runtime_Inheritance->process()
#4 /var/www/html/ardis/app/ThirdParty/smarty/sysplugins/smarty_internal_runtime_inheritance.php(156): Smarty_Internal_Runtime_Inheritance->process()
#5 /var/www/html/ardis/writable/cache/templates_c/99521537329930fe353d6a3eadd00d40b5d8ecb7_0.file.layout.tpl.php(32): Smarty_Internal_Runtime_Inheritance->instanceBlock()
#6 /var/www/html/ardis/app/ThirdParty/smarty/sysplugins/smarty_template_resource_base.php(123): content_621e37413c14d9_89003798()
#7 /var/www/html/ardis/app/ThirdParty/smarty/sysplugins/smarty_template_compiled.php(114): Smarty_Template_Resource_Base->getRenderedTemplateCode()
#8 /var/www/html/ardis/app/ThirdParty/smarty/sysplugins/smarty_internal_template.php(216): Smarty_Template_Compiled->render()
#9 /var/www/html/ardis/app/ThirdParty/smarty/sysplugins/smarty_internal_template.php(385): Smarty_Internal_Template->render()
#10 /var/www/html/ardis/app/ThirdParty/smarty/sysplugins/smarty_internal_runtime_inheritance.php(116): Smarty_Internal_Template->_subTemplateRender()
#11 /var/www/html/ardis/writable/cache/templates_c/90c8b098e3265ac344c7cf8a5504e0b9ffed24e4_0.file.sampatico.tpl.php(30): Smarty_Internal_Runtime_Inheritance->endChild()
#12 /var/www/html/ardis/app/ThirdParty/smarty/sysplugins/smarty_template_resource_base.php(123): content_6220b3a8c9a3f0_30198849()
#13 /var/www/html/ardis/app/ThirdParty/smarty/sysplugins/smarty_template_compiled.php(114): Smarty_Template_Resource_Base->getRenderedTemplateCode()
#14 /var/www/html/ardis/app/ThirdParty/smarty/sysplugins/smarty_internal_template.php(216): Smarty_Template_Compiled->render()
#15 /var/www/html/ardis/app/ThirdParty/smarty/sysplugins/smarty_internal_templatebase.php(238): Smarty_Internal_Template->render()
#16 /var/www/html/ardis/app/ThirdParty/smarty/sysplugins/smarty_internal_templatebase.php(134): Smarty_Internal_TemplateBase->_execute()
#17 /var/www/html/ardis/app/Controllers/BaseController.php(73): Smarty_Internal_TemplateBase->display()
#18 /var/www/html/ardis/app/Controllers/Hotel.php(81): App\Controllers\BaseController->display()
#19 /var/www/html/ardis/system/CodeIgniter.php(825): App\Controllers\Hotel->view()
#20 /var/www/html/ardis/system/CodeIgniter.php(412): CodeIgniter\CodeIgniter->runController()
#21 /var/www/html/ardis/system/CodeIgniter.php(320): CodeIgniter\CodeIgniter->handleRequest()
#22 /var/www/html/ardis/public/index.php(37): CodeIgniter\CodeIgniter->run()
#23 {main}
CRITICAL - 2022-03-03 12:16:16 --> Undefined index: name_file
#0 /var/www/html/ardis/writable/cache/templates_c/4c5834c268270ba97c84b8f8df15447ebba46635_0.file.header.tpl.php(35): CodeIgniter\Debug\Exceptions->errorHandler()
#1 /var/www/html/ardis/app/ThirdParty/smarty/sysplugins/smarty_template_resource_base.php(123): content_621f80367fb474_89862474()
#2 /var/www/html/ardis/app/ThirdParty/smarty/sysplugins/smarty_template_compiled.php(114): Smarty_Template_Resource_Base->getRenderedTemplateCode()
#3 /var/www/html/ardis/app/ThirdParty/smarty/sysplugins/smarty_internal_template.php(216): Smarty_Template_Compiled->render()
#4 /var/www/html/ardis/app/ThirdParty/smarty/sysplugins/smarty_internal_template.php(385): Smarty_Internal_Template->render()
#5 /var/www/html/ardis/writable/cache/templates_c/99521537329930fe353d6a3eadd00d40b5d8ecb7_0.file.layout.tpl.php(28): Smarty_Internal_Template->_subTemplateRender()
#6 /var/www/html/ardis/app/ThirdParty/smarty/sysplugins/smarty_template_resource_base.php(123): content_621e37413c14d9_89003798()
#7 /var/www/html/ardis/app/ThirdParty/smarty/sysplugins/smarty_template_compiled.php(114): Smarty_Template_Resource_Base->getRenderedTemplateCode()
#8 /var/www/html/ardis/app/ThirdParty/smarty/sysplugins/smarty_internal_template.php(216): Smarty_Template_Compiled->render()
#9 /var/www/html/ardis/app/ThirdParty/smarty/sysplugins/smarty_internal_template.php(385): Smarty_Internal_Template->render()
#10 /var/www/html/ardis/app/ThirdParty/smarty/sysplugins/smarty_internal_runtime_inheritance.php(116): Smarty_Internal_Template->_subTemplateRender()
#11 /var/www/html/ardis/writable/cache/templates_c/a8b6eba821dfd4cd1527e73cb8f03e51f37cad43_0.file.result_email.tpl.php(32): Smarty_Internal_Runtime_Inheritance->endChild()
#12 /var/www/html/ardis/app/ThirdParty/smarty/sysplugins/smarty_template_resource_base.php(123): content_622105f00a7e77_02181052()
#13 /var/www/html/ardis/app/ThirdParty/smarty/sysplugins/smarty_template_compiled.php(114): Smarty_Template_Resource_Base->getRenderedTemplateCode()
#14 /var/www/html/ardis/app/ThirdParty/smarty/sysplugins/smarty_internal_template.php(216): Smarty_Template_Compiled->render()
#15 /var/www/html/ardis/app/ThirdParty/smarty/sysplugins/smarty_internal_templatebase.php(238): Smarty_Internal_Template->render()
#16 /var/www/html/ardis/app/ThirdParty/smarty/sysplugins/smarty_internal_templatebase.php(134): Smarty_Internal_TemplateBase->_execute()
#17 /var/www/html/ardis/app/Controllers/BaseController.php(73): Smarty_Internal_TemplateBase->display()
#18 /var/www/html/ardis/app/Controllers/Hotel.php(102): App\Controllers\BaseController->display()
#19 /var/www/html/ardis/system/CodeIgniter.php(825): App\Controllers\Hotel->sendMail()
#20 /var/www/html/ardis/system/CodeIgniter.php(412): CodeIgniter\CodeIgniter->runController()
#21 /var/www/html/ardis/system/CodeIgniter.php(320): CodeIgniter\CodeIgniter->handleRequest()
#22 /var/www/html/ardis/public/index.php(37): CodeIgniter\CodeIgniter->run()
#23 {main}
CRITICAL - 2022-03-03 12:45:44 --> Typed property App\Models\HuntError::$error must not be accessed before initialization
#0 /var/www/html/ardis/app/Models/CustomerManager.php(57): App\Models\HuntError->hunt_edit_profile()
#1 /var/www/html/ardis/app/Controllers/Customers.php(140): App\Models\CustomerManager->is_up_to_date()
#2 /var/www/html/ardis/system/CodeIgniter.php(825): App\Controllers\Customers->edite_profile()
#3 /var/www/html/ardis/system/CodeIgniter.php(412): CodeIgniter\CodeIgniter->runController()
#4 /var/www/html/ardis/system/CodeIgniter.php(320): CodeIgniter\CodeIgniter->handleRequest()
#5 /var/www/html/ardis/public/index.php(37): CodeIgniter\CodeIgniter->run()
#6 {main}
CRITICAL - 2022-03-03 12:46:14 --> Typed property App\Models\HuntError::$error must not be accessed before initialization
#0 /var/www/html/ardis/app/Models/CustomerManager.php(57): App\Models\HuntError->hunt_edit_profile()
#1 /var/www/html/ardis/app/Controllers/Customers.php(140): App\Models\CustomerManager->is_up_to_date()
#2 /var/www/html/ardis/system/CodeIgniter.php(825): App\Controllers\Customers->edite_profile()
#3 /var/www/html/ardis/system/CodeIgniter.php(412): CodeIgniter\CodeIgniter->runController()
#4 /var/www/html/ardis/system/CodeIgniter.php(320): CodeIgniter\CodeIgniter->handleRequest()
#5 /var/www/html/ardis/public/index.php(37): CodeIgniter\CodeIgniter->run()
#6 {main}
CRITICAL - 2022-03-03 12:46:54 --> Typed property App\Models\HuntError::$error must not be accessed before initialization
#0 /var/www/html/ardis/app/Models/CustomerManager.php(57): App\Models\HuntError->hunt_edit_profile()
#1 /var/www/html/ardis/app/Controllers/Customers.php(141): App\Models\CustomerManager->is_up_to_date()
#2 /var/www/html/ardis/system/CodeIgniter.php(825): App\Controllers\Customers->edite_profile()
#3 /var/www/html/ardis/system/CodeIgniter.php(412): CodeIgniter\CodeIgniter->runController()
#4 /var/www/html/ardis/system/CodeIgniter.php(320): CodeIgniter\CodeIgniter->handleRequest()
#5 /var/www/html/ardis/public/index.php(37): CodeIgniter\CodeIgniter->run()
#6 {main}
CRITICAL - 2022-03-03 12:47:40 --> Typed property App\Models\HuntError::$error must not be accessed before initialization
#0 /var/www/html/ardis/app/Models/CustomerManager.php(57): App\Models\HuntError->hunt_edit_profile()
#1 /var/www/html/ardis/app/Controllers/Customers.php(140): App\Models\CustomerManager->is_up_to_date()
#2 /var/www/html/ardis/system/CodeIgniter.php(825): App\Controllers\Customers->edite_profile()
#3 /var/www/html/ardis/system/CodeIgniter.php(412): CodeIgniter\CodeIgniter->runController()
#4 /var/www/html/ardis/system/CodeIgniter.php(320): CodeIgniter\CodeIgniter->handleRequest()
#5 /var/www/html/ardis/public/index.php(37): CodeIgniter\CodeIgniter->run()
#6 {main}
CRITICAL - 2022-03-03 12:48:31 --> Typed property App\Models\HuntError::$error must not be accessed before initialization
#0 /var/www/html/ardis/app/Models/CustomerManager.php(57): App\Models\HuntError->hunt_edit_profile()
#1 /var/www/html/ardis/app/Controllers/Customers.php(140): App\Models\CustomerManager->is_up_to_date()
#2 /var/www/html/ardis/system/CodeIgniter.php(825): App\Controllers\Customers->edite_profile()
#3 /var/www/html/ardis/system/CodeIgniter.php(412): CodeIgniter\CodeIgniter->runController()
#4 /var/www/html/ardis/system/CodeIgniter.php(320): CodeIgniter\CodeIgniter->handleRequest()
#5 /var/www/html/ardis/public/index.php(37): CodeIgniter\CodeIgniter->run()
#6 {main}
CRITICAL - 2022-03-03 12:49:14 --> Typed property App\Models\HuntError::$error must not be accessed before initialization
#0 /var/www/html/ardis/app/Models/CustomerManager.php(57): App\Models\HuntError->hunt_edit_profile()
#1 /var/www/html/ardis/app/Controllers/Customers.php(140): App\Models\CustomerManager->is_up_to_date()
#2 /var/www/html/ardis/system/CodeIgniter.php(825): App\Controllers\Customers->edite_profile()
#3 /var/www/html/ardis/system/CodeIgniter.php(412): CodeIgniter\CodeIgniter->runController()
#4 /var/www/html/ardis/system/CodeIgniter.php(320): CodeIgniter\CodeIgniter->handleRequest()
#5 /var/www/html/ardis/public/index.php(37): CodeIgniter\CodeIgniter->run()
#6 {main}
CRITICAL - 2022-03-03 13:48:26 --> Typed property App\Models\HuntError::$error must not be accessed before initialization
#0 /var/www/html/ardis/app/Models/CustomerManager.php(57): App\Models\HuntError->hunt_edit_profile()
#1 /var/www/html/ardis/app/Controllers/Customers.php(140): App\Models\CustomerManager->is_up_to_date()
#2 /var/www/html/ardis/system/CodeIgniter.php(825): App\Controllers\Customers->edite_profile()
#3 /var/www/html/ardis/system/CodeIgniter.php(412): CodeIgniter\CodeIgniter->runController()
#4 /var/www/html/ardis/system/CodeIgniter.php(320): CodeIgniter\CodeIgniter->handleRequest()
#5 /var/www/html/ardis/public/index.php(37): CodeIgniter\CodeIgniter->run()
#6 {main}
CRITICAL - 2022-03-03 14:08:02 --> Typed property App\Controllers\Customers::$pseudo must be string, null used
#0 /var/www/html/ardis/system/CodeIgniter.php(802): App\Controllers\Customers->__construct()
#1 /var/www/html/ardis/system/CodeIgniter.php(403): CodeIgniter\CodeIgniter->createController()
#2 /var/www/html/ardis/system/CodeIgniter.php(320): CodeIgniter\CodeIgniter->handleRequest()
#3 /var/www/html/ardis/public/index.php(37): CodeIgniter\CodeIgniter->run()
#4 {main}
CRITICAL - 2022-03-03 14:08:55 --> Typed property App\Controllers\Customers::$pseudo must be string, null used
#0 /var/www/html/ardis/system/CodeIgniter.php(802): App\Controllers\Customers->__construct()
#1 /var/www/html/ardis/system/CodeIgniter.php(403): CodeIgniter\CodeIgniter->createController()
#2 /var/www/html/ardis/system/CodeIgniter.php(320): CodeIgniter\CodeIgniter->handleRequest()
#3 /var/www/html/ardis/public/index.php(37): CodeIgniter\CodeIgniter->run()
#4 {main}
CRITICAL - 2022-03-03 14:09:36 --> Argument 1 passed to App\Models\CustomerManager::getProfileData() must be of the type string, null given, called in /var/www/html/ardis/app/Controllers/Customers.php on line 76
#0 /var/www/html/ardis/app/Controllers/Customers.php(76): App\Models\CustomerManager->getProfileData()
#1 /var/www/html/ardis/app/Controllers/Customers.php(56): App\Controllers\Customers->updateAttribut()
#2 /var/www/html/ardis/system/CodeIgniter.php(802): App\Controllers\Customers->__construct()
#3 /var/www/html/ardis/system/CodeIgniter.php(403): CodeIgniter\CodeIgniter->createController()
#4 /var/www/html/ardis/system/CodeIgniter.php(320): CodeIgniter\CodeIgniter->handleRequest()
#5 /var/www/html/ardis/public/index.php(37): CodeIgniter\CodeIgniter->run()
#6 {main}
CRITICAL - 2022-03-03 14:09:41 --> Argument 1 passed to App\Models\CustomerManager::getProfileData() must be of the type string, null given, called in /var/www/html/ardis/app/Controllers/Customers.php on line 76
#0 /var/www/html/ardis/app/Controllers/Customers.php(76): App\Models\CustomerManager->getProfileData()
#1 /var/www/html/ardis/app/Controllers/Customers.php(56): App\Controllers\Customers->updateAttribut()
#2 /var/www/html/ardis/system/CodeIgniter.php(802): App\Controllers\Customers->__construct()
#3 /var/www/html/ardis/system/CodeIgniter.php(403): CodeIgniter\CodeIgniter->createController()
#4 /var/www/html/ardis/system/CodeIgniter.php(320): CodeIgniter\CodeIgniter->handleRequest()
#5 /var/www/html/ardis/public/index.php(37): CodeIgniter\CodeIgniter->run()
#6 {main}
CRITICAL - 2022-03-03 14:09:41 --> Argument 1 passed to App\Models\CustomerManager::getProfileData() must be of the type string, null given, called in /var/www/html/ardis/app/Controllers/Customers.php on line 76
#0 /var/www/html/ardis/app/Controllers/Customers.php(76): App\Models\CustomerManager->getProfileData()
#1 /var/www/html/ardis/app/Controllers/Customers.php(56): App\Controllers\Customers->updateAttribut()
#2 /var/www/html/ardis/system/CodeIgniter.php(802): App\Controllers\Customers->__construct()
#3 /var/www/html/ardis/system/CodeIgniter.php(403): CodeIgniter\CodeIgniter->createController()
#4 /var/www/html/ardis/system/CodeIgniter.php(320): CodeIgniter\CodeIgniter->handleRequest()
#5 /var/www/html/ardis/public/index.php(37): CodeIgniter\CodeIgniter->run()
#6 {main}
CRITICAL - 2022-03-03 14:09:42 --> Argument 1 passed to App\Models\CustomerManager::getProfileData() must be of the type string, null given, called in /var/www/html/ardis/app/Controllers/Customers.php on line 76
#0 /var/www/html/ardis/app/Controllers/Customers.php(76): App\Models\CustomerManager->getProfileData()
#1 /var/www/html/ardis/app/Controllers/Customers.php(56): App\Controllers\Customers->updateAttribut()
#2 /var/www/html/ardis/system/CodeIgniter.php(802): App\Controllers\Customers->__construct()
#3 /var/www/html/ardis/system/CodeIgniter.php(403): CodeIgniter\CodeIgniter->createController()
#4 /var/www/html/ardis/system/CodeIgniter.php(320): CodeIgniter\CodeIgniter->handleRequest()
#5 /var/www/html/ardis/public/index.php(37): CodeIgniter\CodeIgniter->run()
#6 {main}
CRITICAL - 2022-03-03 14:09:54 --> Typed property App\Controllers\Customers::$pseudo must be string, null used
#0 /var/www/html/ardis/system/CodeIgniter.php(802): App\Controllers\Customers->__construct()
#1 /var/www/html/ardis/system/CodeIgniter.php(403): CodeIgniter\CodeIgniter->createController()
#2 /var/www/html/ardis/system/CodeIgniter.php(320): CodeIgniter\CodeIgniter->handleRequest()
#3 /var/www/html/ardis/public/index.php(37): CodeIgniter\CodeIgniter->run()
#4 {main}
CRITICAL - 2022-03-03 14:15:45 --> Typed property App\Controllers\Customers::$pseudo must be string, null used
#0 /var/www/html/ardis/system/CodeIgniter.php(802): App\Controllers\Customers->__construct()
#1 /var/www/html/ardis/system/CodeIgniter.php(403): CodeIgniter\CodeIgniter->createController()
#2 /var/www/html/ardis/system/CodeIgniter.php(320): CodeIgniter\CodeIgniter->handleRequest()
#3 /var/www/html/ardis/public/index.php(37): CodeIgniter\CodeIgniter->run()
#4 {main}
CRITICAL - 2022-03-03 14:15:47 --> Typed property App\Controllers\Customers::$pseudo must be string, null used
#0 /var/www/html/ardis/system/CodeIgniter.php(802): App\Controllers\Customers->__construct()
#1 /var/www/html/ardis/system/CodeIgniter.php(403): CodeIgniter\CodeIgniter->createController()
#2 /var/www/html/ardis/system/CodeIgniter.php(320): CodeIgniter\CodeIgniter->handleRequest()
#3 /var/www/html/ardis/public/index.php(37): CodeIgniter\CodeIgniter->run()
#4 {main}
CRITICAL - 2022-03-03 15:36:33 --> Typed property App\Controllers\Customers::$pseudo must be string, null used
#0 /var/www/html/ardis/system/CodeIgniter.php(802): App\Controllers\Customers->__construct()
#1 /var/www/html/ardis/system/CodeIgniter.php(403): CodeIgniter\CodeIgniter->createController()
#2 /var/www/html/ardis/system/CodeIgniter.php(320): CodeIgniter\CodeIgniter->handleRequest()
#3 /var/www/html/ardis/public/index.php(37): CodeIgniter\CodeIgniter->run()
#4 {main}
CRITICAL - 2022-03-03 15:56:50 --> Typed property App\Controllers\Customers::$pseudo must be string, null used
#0 /var/www/html/ardis/app/Controllers/Reservation.php(24): App\Controllers\Customers->__construct()
#1 /var/www/html/ardis/system/CodeIgniter.php(802): App\Controllers\Reservation->__construct()
#2 /var/www/html/ardis/system/CodeIgniter.php(403): CodeIgniter\CodeIgniter->createController()
#3 /var/www/html/ardis/system/CodeIgniter.php(320): CodeIgniter\CodeIgniter->handleRequest()
#4 /var/www/html/ardis/public/index.php(37): CodeIgniter\CodeIgniter->run()
#5 {main}
CRITICAL - 2022-03-03 15:56:55 --> Typed property App\Controllers\Customers::$pseudo must be string, null used
#0 /var/www/html/ardis/app/Controllers/Reservation.php(24): App\Controllers\Customers->__construct()
#1 /var/www/html/ardis/system/CodeIgniter.php(802): App\Controllers\Reservation->__construct()
#2 /var/www/html/ardis/system/CodeIgniter.php(403): CodeIgniter\CodeIgniter->createController()
#3 /var/www/html/ardis/system/CodeIgniter.php(320): CodeIgniter\CodeIgniter->handleRequest()
#4 /var/www/html/ardis/public/index.php(37): CodeIgniter\CodeIgniter->run()
#5 {main}
CRITICAL - 2022-03-03 15:56:57 --> Typed property App\Controllers\Customers::$pseudo must be string, null used
#0 /var/www/html/ardis/app/Controllers/Reservation.php(24): App\Controllers\Customers->__construct()
#1 /var/www/html/ardis/system/CodeIgniter.php(802): App\Controllers\Reservation->__construct()
#2 /var/www/html/ardis/system/CodeIgniter.php(403): CodeIgniter\CodeIgniter->createController()
#3 /var/www/html/ardis/system/CodeIgniter.php(320): CodeIgniter\CodeIgniter->handleRequest()
#4 /var/www/html/ardis/public/index.php(37): CodeIgniter\CodeIgniter->run()
#5 {main}
CRITICAL - 2022-03-03 15:57:46 --> Undefined index: startdate
#0 /var/www/html/ardis/app/Models/UserManager.php(106): CodeIgniter\Debug\Exceptions->errorHandler()
#1 /var/www/html/ardis/app/Controllers/Reservation.php(36): App\Models\UserManager->verifReservation()
#2 /var/www/html/ardis/system/CodeIgniter.php(825): App\Controllers\Reservation->validation()
#3 /var/www/html/ardis/system/CodeIgniter.php(412): CodeIgniter\CodeIgniter->runController()
#4 /var/www/html/ardis/system/CodeIgniter.php(320): CodeIgniter\CodeIgniter->handleRequest()
#5 /var/www/html/ardis/public/index.php(37): CodeIgniter\CodeIgniter->run()
#6 {main}
CRITICAL - 2022-03-03 15:58:05 --> Undefined index: startdate
#0 /var/www/html/ardis/app/Models/UserManager.php(106): CodeIgniter\Debug\Exceptions->errorHandler()
#1 /var/www/html/ardis/app/Controllers/Reservation.php(36): App\Models\UserManager->verifReservation()
#2 /var/www/html/ardis/system/CodeIgniter.php(825): App\Controllers\Reservation->validation()
#3 /var/www/html/ardis/system/CodeIgniter.php(412): CodeIgniter\CodeIgniter->runController()
#4 /var/www/html/ardis/system/CodeIgniter.php(320): CodeIgniter\CodeIgniter->handleRequest()
#5 /var/www/html/ardis/public/index.php(37): CodeIgniter\CodeIgniter->run()
#6 {main}
CRITICAL - 2022-03-03 15:58:21 --> Undefined index: startdate
#0 /var/www/html/ardis/app/Models/UserManager.php(106): CodeIgniter\Debug\Exceptions->errorHandler()
#1 /var/www/html/ardis/app/Controllers/Reservation.php(36): App\Models\UserManager->verifReservation()
#2 /var/www/html/ardis/system/CodeIgniter.php(825): App\Controllers\Reservation->validation()
#3 /var/www/html/ardis/system/CodeIgniter.php(412): CodeIgniter\CodeIgniter->runController()
#4 /var/www/html/ardis/system/CodeIgniter.php(320): CodeIgniter\CodeIgniter->handleRequest()
#5 /var/www/html/ardis/public/index.php(37): CodeIgniter\CodeIgniter->run()
#6 {main}
CRITICAL - 2022-03-03 15:58:47 --> Undefined index: startdate
#0 /var/www/html/ardis/app/Models/UserManager.php(106): CodeIgniter\Debug\Exceptions->errorHandler()
#1 /var/www/html/ardis/app/Controllers/Reservation.php(36): App\Models\UserManager->verifReservation()
#2 /var/www/html/ardis/system/CodeIgniter.php(825): App\Controllers\Reservation->validation()
#3 /var/www/html/ardis/system/CodeIgniter.php(412): CodeIgniter\CodeIgniter->runController()
#4 /var/www/html/ardis/system/CodeIgniter.php(320): CodeIgniter\CodeIgniter->handleRequest()
#5 /var/www/html/ardis/public/index.php(37): CodeIgniter\CodeIgniter->run()
#6 {main}
CRITICAL - 2022-03-03 16:33:17 --> Undefined index: 
#0 /var/www/html/ardis/app/Controllers/Reservation.php(37): CodeIgniter\Debug\Exceptions->errorHandler()
#1 /var/www/html/ardis/system/CodeIgniter.php(825): App\Controllers\Reservation->validation()
#2 /var/www/html/ardis/system/CodeIgniter.php(412): CodeIgniter\CodeIgniter->runController()
#3 /var/www/html/ardis/system/CodeIgniter.php(320): CodeIgniter\CodeIgniter->handleRequest()
#4 /var/www/html/ardis/public/index.php(37): CodeIgniter\CodeIgniter->run()
#5 {main}
